54,43,37,40,38,35,37,39,38,35,1
60,40,35,36,39,40,37,38,36,37,1
59,45,40,37,41,44,38,40,40,40,1
62,40,38,40,42,43,41,40,40,34,1
55,45,42,36,39,40,41,42,35,39,1
64,33,43,33,41,36,38,39,40,42,1
59,35,39,42,42,44,39,36,38,33,1
65,43,40,44,43,40,42,43,34,42,1
58,46,40,40,44,44,44,38,38,37,1
65,38,40,41,34,40,39,46,35,34,1
73,44,38,39,37,36,34,41,44,44,1
65,41,40,43,39,37,36,40,36,41,1
61,38,41,40,42,40,41,42,42,39,1
61,48,40,39,39,36,40,39,39,40,1
63,41,41,39,44,33,43,35,38,34,1
354,272,77,99,77,73,65,56,49,54,2
228,419,145,76,120,59,87,68,51,45,2
181,300,146,75,111,83,94,87,50,54,2
196,329,148,68,94,76,96,86,53,53,2
191,340,154,70,92,80,91,83,53,56,2
194,327,163,67,93,80,90,94,52,47,2
192,320,172,64,103,79,89,93,53,59,2
187,336,161,76,91,68,95,99,45,50,2
195,317,165,74,90,67,93,89,44,60,2
182,332,165,70,96,84,88,89,52,53,2
193,342,158,70,101,68,91,88,49,53,2
186,313,157,71,96,65,86,82,50,52,2
180,313,159,63,103,65,101,84,47,62,2
174,322,165,69,110,65,91,91,55,59,2
170,328,166,78,97,70,80,88,47,53,2
169,343,157,72,92,80,94,88,45,57,2
175,322,166,77,95,71,87,102,54,50,2
173,315,157,69,99,68,97,86,41,50,2
134,157,171,73,117,83,49,46,59,42,2
158,240,159,62,104,71,56,73,66,48,2
162,229,158,62,113,79,50,67,68,45,2
150,215,160,66,108,74,60,68,60,56,2
145,213,159,65,117,74,54,67,58,47,2
160,210,156,63,119,84,54,66,59,50,2
144,198,165,64,118,74,56,71,62,45,2
126,171,162,60,125,70,45,63,65,49,2
402,316,66,57,38,99,68,74,46,47,2
60,45,43,38,35,43,41,42,41,38,1
60,38,37,49,40,44,37,40,41,36,1
58,37,42,40,37,37,48,40,39,34,1
68,43,42,41,41,36,38,34,43,41,1
61,40,44,39,38,49,38,34,40,41,1
51,34,43,37,35,42,41,35,39,43,1
67,42,38,36,38,38,37,38,33,38,1
59,36,38,37,42,35,38,40,42,39,1
56,41,41,39,35,35,37,33,36,39,1
73,45,43,44,40,36,34,38,38,38,1
67,44,38,43,39,41,39,37,40,35,1
62,42,43,43,43,44,41,44,37,33,1
71,38,40,38,36,35,37,40,44,49,1
63,38,42,40,38,43,37,35,41,40,1
62,43,43,40,40,36,40,43,38,39,1
65,49,39,41,36,39,46,37,44,42,1
64,41,38,34,37,43,38,36,34,38,1
65,42,40,41,38,39,38,38,34,43,1
106,114,143,108,88,51,60,73,40,48,2
249,277,285,152,106,95,199,64,45,58,2
243,267,288,112,101,103,190,68,50,42,2
245,267,279,124,104,106,185,64,48,46,2
253,279,290,159,112,90,196,59,39,56,2
258,275,298,159,104,98,186,53,43,41,2
257,259,267,108,95,110,186,81,57,43,2
249,272,285,148,101,102,195,60,44,55,2
250,263,282,130,100,105,176,68,45,43,2
248,274,283,122,95,101,179,71,56,40,2
240,270,297,134,101,106,186,60,50,45,2
250,271,301,148,105,102,194,65,50,52,2
243,274,301,149,105,100,187,66,39,48,2
240,290,274,151,74,88,234,96,78,49,2
272,303,280,142,55,60,166,54,63,55,2
65,41,36,40,38,43,36,40,34,43,1
60,45,39,38,41,43,37,37,33,44,1
63,44,39,38,35,40,48,41,39,39,1
72,38,40,42,46,41,34,44,33,41,1
64,39,39,38,37,40,38,46,39,48,1
61,41,49,40,34,40,30,38,37,40,1
60,44,34,39,42,40,42,37,37,39,1
65,42,36,41,39,41,46,37,37,41,1
56,40,39,35,46,37,36,38,40,38,1
59,37,37,40,38,39,38,42,44,37,1
63,39,41,42,42,35,40,44,40,44,1
59,39,37,38,38,41,38,38,46,35,1
60,42,35,33,45,39,39,36,44,39,1
54,37,40,36,39,44,42,44,38,34,1
117,123,106,105,130,91,42,48,39,40,2
115,123,25345,105,130,91,42,48,39,40,2
112,130,251,113,128,80,46,58,48,42,2
111,108,165,99,122,80,48,46,45,40,2
118,116,210,100,120,105,42,43,46,35,2
112,117,224,107,112,94,45,48,45,51,2
114,117,213,91,120,78,43,53,41,44,2
120,116,146,103,126,83,49,44,34,40,2
119,133,232,113,126,76,45,51,48,45,2
112,128,232,121,138,64,50,49,45,43,2
111,107,157,91,108,88,44,45,39,39,2
98,93,114,106,106,57,49,46,41,47,2
60,94,286,150,72,105,42,43,53,48,2
71,86,239,139,68,103,43,38,42,40,2
73,97,272,130,70,133,41,46,55,43,2
66,90,154,133,52,58,48,53,50,43,2
71,78,158,137,49,57,44,57,46,43,2
62,85,253,135,58,127,40,49,50,46,2
66,92,255,131,68,129,47,42,53,41,2
73,99,123,63,118,77,50,57,50,46,2
287,392,436,181,230,128,95,111,48,45,2
71,38,41,41,38,37,35,43,34,47,1
60,42,42,37,38,46,45,34,40,43,1
59,42,41,47,37,32,38,37,35,43,1
64,46,45,43,33,44,36,36,38,38,1
39,41,42,43,33,44,36,36,38,38,1
63,42,40,45,36,39,41,38,36,37,1
61,36,38,41,40,39,36,37,38,42,1
61,38,41,39,41,41,39,45,37,32,1
68,43,42,42,35,39,42,40,36,40,1
62,43,43,40,42,38,38,34,45,32,1
58,37,42,35,34,41,42,39,42,41,1
64,48,41,38,37,40,34,36,39,34,1
58,41,43,36,35,41,32,41,39,37,1
59,40,42,39,38,36,39,40,36,34,1
60,40,39,39,38,39,36,46,42,43,1
63,41,42,41,41,37,41,38,41,41,1
60,37,35,37,32,41,34,38,42,38,1
64,47,50,59,54,50,45,67,55,50,1
254,397,152,143,71,65,70,50,54,57,2
86,132,251,158,108,70,43,52,42,45,2
83,138,243,174,119,56,41,56,49,36,2
73,137,248,160,103,53,41,55,50,54,2
80,147,236,151,86,43,51,53,42,38,2
82,106,262,172,61,52,51,60,44,44,2
82,146,229,153,108,53,50,54,46,47,2
75,137,242,165,104,66,46,43,46,39,2
74,159,233,171,109,63,40,53,45,40,2
72,124,250,176,87,73,45,44,42,39,2
71,146,237,159,123,58,43,58,46,46,2
84,164,250,152,94,51,46,50,51,38,2
95,153,232,156,173,82,51,67,52,44,2
136,234,283,141,126,62,55,43,41,60,2
133,196,254,100,70,50,45,47,38,67,2
57,41,43,38,39,43,40,35,43,38,1
63,40,35,37,45,44,35,42,40,42,1
57,40,36,41,44,42,39,37,51,35,1
69,39,38,46,37,40,39,40,39,35,1
57,46,43,39,39,39,40,37,43,40,1
69,39,32,40,34,38,38,38,38,37,1
62,40,39,46,35,37,35,39,35,41,1
67,42,41,38,37,36,42,40,41,43,1
63,42,36,40,40,47,43,41,42,44,1
61,47,35,43,42,33,41,39,39,40,1
64,37,45,37,42,44,39,39,45,38,1
62,42,44,40,39,36,45,42,37,39,1
62,43,39,43,40,41,39,44,40,40,1
55,37,44,38,38,43,40,39,43,38,1
61,36,39,38,41,47,49,40,40,50,1
58,64,306,121,60,92,164,88,98,84,2
65,70,297,128,55,111,176,80,93,71,2
61,75,315,134,56,115,172,76,95,73,2
63,65,308,139,60,90,156,82,103,88,2
65,67,303,140,56,120,186,75,94,82,2
68,76,300,134,50,76,142,93,104,69,2
57,78,304,135,58,104,175,87,92,80,2
60,74,314,139,59,93,150,84,91,75,2
61,71,294,133,58,117,173,87,90,75,2
70,74,300,133,59,100,163,90,94,76,2
70,62,280,149,74,141,194,97,56,62,2
58,68,288,161,56,99,137,99,92,82,2
66,58,279,147,63,130,181,98,73,50,2
70,56,303,151,68,133,181,103,61,62,2
60,63,297,151,63,127,183,97,61,58,2
60,68,300,139,53,119,137,99,97,77,2
63,61,301,146,63,103,150,101,108,78,2
65,66,292,149,58,119,140,96,91,82,2
58,59,303,149,69,122,149,98,87,72,2
61,59,304,145,58,130,152,99,75,61,2
63,57,288,149,67,128,171,97,72,51,2
60,61,309,150,60,120,177,100,76,51,2
53,58,291,142,64,134,179,95,62,52,2
58,57,293,142,68,129,168,101,58,53,2
67,59,290,146,58,131,166,111,65,52,2
57,61,308,150,62,135,171,92,65,52,2
63,62,301,145,62,119,159,108,65,55,2
59,58,303,140,58,130,176,109,60,50,2
61,61,271,142,53,139,181,107,64,51,2
62,61,285,148,65,137,174,107,66,53,2
64,64,286,139,64,127,191,96,62,49,2
57,62,289,135,70,133,179,107,63,53,2
67,62,298,140,59,125,157,108,73,54,2
61,58,299,142,60,116,153,102,83,52,2
56,57,295,141,62,118,147,103,92,53,2
61,61,292,136,57,116,145,111,78,66,2
62,61,287,143,55,114,139,107,82,67,2
62,60,290,154,53,104,142,104,88,64,2
63,47,43,37,40,36,43,46,43,35,1
62,41,39,44,39,34,41,36,44,45,1
57,46,37,45,42,40,42,40,40,37,1
64,40,38,42,34,41,44,35,40,36,1
58,39,38,44,36,38,40,35,45,37,1
63,43,37,43,41,39,41,39,43,35,1
63,48,39,44,34,40,38,33,40,39,1
65,40,37,39,38,36,38,43,44,41,1
69,39,38,38,37,42,46,38,34,36,1
60,49,41,41,40,37,44,34,37,39,1
62,47,44,38,40,46,39,36,36,39,1
60,40,42,43,33,35,43,36,39,45,1
54,49,43,43,49,38,42,38,42,46,1
62,43,50,35,40,40,38,44,37,38,1
59,39,36,40,36,38,41,38,39,40,1
37,49,43,40,36,38,41,38,39,40,1
66,37,43,39,36,39,31,44,40,35,1
58,43,40,41,39,36,36,42,40,35,1
63,40,42,33,38,40,36,34,39,38,1
61,41,40,49,35,43,44,37,34,40,1
61,42,35,41,37,37,44,37,40,41,1
226,350,348,90,159,87,108,62,65,76,2
612,294,120,90,84,137,136,86,95,56,2
330,214,186,113,61,140,113,42,43,52,2
314,206,180,156,85,112,65,41,51,46,2
319,181,207,165,134,92,54,58,53,44,2
405,255,302,160,160,123,83,68,82,103,2
376,226,324,244,136,81,77,51,70,78,2
397,267,318,166,148,125,87,65,84,78,2
411,246,310,218,124,107,73,55,71,92,2
400,269,301,114,144,106,73,50,71,108,2
344,263,263,123,184,70,56,52,71,86,2
379,232,278,166,207,102,51,67,90,87,2
288,282,236,137,68,61,40,54,71,85,2
379,240,269,194,99,62,46,74,79,101,2
373,233,259,185,210,101,48,77,69,88,2
373,2283,68,88,210,101,48,77,69,88,2
396,237,253,185,210,93,52,72,72,87,2
390,329,151,247,139,73,122,66,77,49,2
154,317,76,227,129,70,102,64,104,77,2
57,44,33,37,42,36,41,39,44,38,1
64,42,39,44,38,35,39,42,38,39,1
68,46,35,32,39,36,38,35,41,31,1
62,44,38,42,46,36,39,43,36,45,1
65,43,38,40,42,43,35,42,41,40,1
65,48,45,44,41,41,42,39,39,44,1
64,37,42,39,41,39,38,42,36,39,1
64,41,43,45,37,37,39,44,38,37,1
61,74,160,196,86,115,258,179,73,108,2
61,503,647,161,106,88,178,146,109,93,2
60,460,636,159,128,85,174,138,106,74,2
59,475,625,156,108,77,175,107,89,68,2
61,473,638,157,119,86,196,126,97,76,2
69,500,605,152,105,79,200,119,101,75,2
61,471,616,165,136,86,204,120,100,71,2
60,467,635,156,116,90,202,129,104,75,2
63,479,590,124,178,92,211,79,66,98,2
64,382,487,162,151,77,108,113,83,64,2
61,364,465,115,66,98,245,78,68,72,2
55,344,504,81,104,73,111,87,88,80,2
334,233,355,237,132,205,109,138,140,101,2
798,245,200,161,130,122,113,102,60,47,2
63,34,45,42,35,40,35,37,41,44,1
54,42,40,46,43,46,35,35,40,40,1
63,34,37,37,35,32,41,40,41,38,1
65,43,38,40,40,38,37,38,34,43,1
62,39,44,42,41,41,40,47,36,39,1
67,43,34,36,41,39,44,38,36,39,1
67,41,36,37,40,39,40,37,45,39,1
69,35,41,45,42,46,38,39,39,38,1
60,41,40,44,43,37,42,41,45,41,1
926,281,262,266,190,73,63,78,45,43,2
247,386,397,300,165,81,76,87,51,41,2
217,310,248,204,208,85,50,77,115,87,2
228,320,238,232,271,110,56,72,120,91,2
156,196,182,145,114,66,49,74,80,121,2
87,157,94,51,67,46,66,127,67,72,2
262,386,317,239,122,76,96,50,67,40,2
244,388,315,240,180,80,113,44,53,45,2
238,381,304,255,162,78,93,59,51,49,2
248,411,300,225,206,73,76,99,54,64,2
248,422,297,192,98,77,116,88,80,69,2
237,409,281,241,108,83,121,96,66,68,2
115,150,138,134,93,143,269,46,56,43,2
70,262,140,188,134,52,41,76,82,50,2
230,447,113,373,321,415,254,227,75,139,2
907,175,129,213,113,63,97,58,62,51,2
57,43,43,43,35,39,46,38,35,42,1
63,46,38,39,40,37,40,37,39,39,1
68,41,37,43,43,39,37,39,41,36,1
59,36,43,39,42,36,36,35,39,36,1
57,46,43,46,37,35,39,38,41,41,1
56,39,36,42,40,39,35,41,40,38,1
64,45,42,39,36,36,44,37,39,33,1
60,41,39,43,42,41,36,38,40,40,1
63,40,41,43,42,41,36,38,40,40,1
62,44,35,40,38,39,48,40,38,32,1
67,41,40,42,38,41,40,39,38,44,1
59,39,38,39,42,39,40,37,37,34,1
876,577,125,74,106,133,77,62,58,77,2
353,247,144,299,169,81,70,62,58,55,2
212,56,169,173,62,118,287,101,97,83,2
66,103,334,172,241,80,117,71,119,77,2
59,103,331,185,267,79,91,68,105,75,2
61,101,354,166,238,71,118,60,104,83,2
58,101,3376,110,63,115,71,60,104,83,2
68,89,360,158,229,70,114,65,112,88,2
64,94,350,163,279,76,116,79,113,77,2
59,99,337,171,261,82,113,68,110,75,2
64,100,374,136,166,45,100,98,55,53,2
61,54,287,98,53,42,53,116,102,52,2
281,763,688,90,81,132,164,86,104,56,2
214,324,81,108,77,58,82,61,75,78,2
56,43,38,36,38,37,36,39,39,42,1
58,40,36,38,34,43,40,38,36,44,1
63,46,39,37,36,42,41,42,37,42,1
67,38,41,44,37,42,36,40,41,36,1
57,43,35,40,41,40,41,37,43,48,1
54,46,39,43,32,41,40,37,37,36,1
67,44,38,44,37,44,42,37,42,39,1
55,40,33,45,43,39,37,43,41,38,1
60,40,41,33,37,44,37,39,37,45,1
53,38,41,49,41,42,38,36,34,44,1
61,39,42,33,39,42,40,44,43,40,1
61,42,40,41,44,38,41,39,36,39,1
68,36,41,38,41,40,40,40,36,44,1
58,44,45,40,43,38,40,42,44,46,1
60,41,40,38,40,41,45,39,40,41,1
61,45,45,38,38,41,43,35,44,40,1
58,40,42,36,38,39,38,43,44,35,1
65,40,38,40,36,37,39,37,38,41,1
59,43,38,47,46,39,42,42,39,44,1
59,44,40,41,37,42,35,38,43,40,1
116,216,190,136,51,59,49,53,56,56,2
106,295,178,134,59,47,107,108,64,91,2
108,328,162,126,72,53,86,113,101,99,2
102,307,171,147,74,67,96,89,102,102,2
99,308,176,150,88,70,100,98,101,101,2
98,327,166,154,74,68,117,99,111,106,2
106,310,185,153,80,63,112,91,96,94,2
93,315,172,146,85,66,100,95,112,106,2
132,294,162,147,126,70,102,66,60,103,2
141,206,202,135,103,106,68,82,67,42,2
199,276,80,118,85,70,120,82,48,50,2
492,272,154,266,290,89,147,57,40,57,2
64,39,34,45,41,38,35,41,38,37,1
67,40,39,37,39,44,36,36,40,41,1
60,40,39,39,45,49,39,46,40,38,1
53,46,40,36,34,38,40,37,44,36,1
61,41,39,40,39,36,45,37,45,35,1
69,47,36,42,35,45,43,36,38,36,1
53,43,36,39,37,37,39,43,37,40,1
63,40,42,40,42,38,41,38,41,40,1
54,40,42,47,42,38,43,36,39,37,1
60,38,39,42,38,41,38,45,49,44,1
130,62,100,109,49,128,178,132,55,51,2
396,206,165,117,84,140,171,66,53,52,2
410,195,152,81,68,143,193,63,69,60,2
398,201,156,76,78,129,181,68,67,62,2
379,199,152,82,78,133,173,58,70,61,2
391,187,146,79,65,139,172,69,70,54,2
385,188,150,72,76,136,183,59,56,58,2
383,194,135,73,101,140,155,98,49,57,2
178,118,161,75,83,93,137,56,56,66,2
275,378,197,98,74,97,105,47,52,59,2
418,342,127,118,89,111,118,89,86,66,2
68,38,35,39,41,34,35,44,43,34,1
63,47,39,34,43,41,43,41,41,37,1
61,44,38,38,41,42,43,38,39,41,1
65,33,41,41,43,42,38,39,37,34,1
55,39,40,42,41,37,41,36,34,35,1
66,42,41,35,42,41,41,37,39,41,1
59,38,40,42,41,36,40,40,40,35,1
64,43,39,36,38,40,35,49,39,41,1
67,43,33,40,38,41,43,35,40,42,1
58,43,40,42,42,33,41,39,40,44,1
63,41,37,42,42,41,43,40,38,39,1
63,39,43,40,39,42,40,43,41,36,1
63,42,43,36,41,37,40,39,45,41,1
60,39,37,34,38,40,40,32,40,40,1
331,317,443,240,178,94,47,64,62,52,2
243,254,234,124,119,62,67,88,60,36,2
114,124,141,139,113,69,48,57,83,42,2
138,166,91,67,51,60,109,83,96,61,2
139,233,101,64,57,83,107,58,67,63,2
122,134,89,77,58,63,92,70,101,52,2
136,227,97,62,67,82,116,59,62,68,2
129,171,94,78,53,63,92,85,84,64,2
133,217,108,72,65,77,95,66,81,67,2
140,122,86,87,66,72,98,77,92,55,2
140,232,102,63,71,93,121,48,58,58,2
133,244,105,68,70,90,123,47,49,50,2
120,136,95,76,65,73,98,75,95,56,2
136,227,109,66,69,87,116,47,69,56,2
130,158,92,76,63,71,86,75,91,52,2
137,173,92,69,50,61,89,81,94,49,2
129,171,92,78,49,66,96,70,92,52,2
144,188,111,73,58,72,82,74,77,64,2
133,185,104,74,53,67,96,60,81,41,2
130,124,86,69,69,65,113,81,88,58,2
130,252,115,67,69,90,110,51,70,57,2
131,124,81,72,74,69,101,71,101,53,2
145,256,103,66,62,89,109,51,59,57,2
138,238,100,64,68,90,111,45,57,63,2
127,145,90,78,59,72,97,76,91,51,2
142,230,95,76,62,87,107,43,58,57,2
119,126,70,80,62,75,108,69,96,58,2
167,148,95,85,60,76,128,127,87,49,2
168,228,117,94,85,137,122,67,81,68,2
167,162,93,88,62,83,118,97,110,59,2
163,169,108,88,70,92,115,76,113,56,2
101,122,86,83,47,57,119,92,73,50,2
62,119,157,142,104,65,143,146,65,68,2
324,308,366,228,89,49,43,45,46,56,2
67,43,37,39,41,36,38,42,37,36,1
59,40,43,43,38,35,37,45,37,39,1
55,41,40,37,36,42,44,43,33,44,1
52,39,41,42,36,39,42,39,40,39,1
64,42,36,43,45,34,37,39,38,34,1
70,45,38,39,39,34,35,37,46,35,1
67,44,38,34,41,34,39,44,38,35,1
60,37,41,42,38,36,46,40,41,35,1
68,33,41,35,45,38,41,40,41,36,1
62,39,38,39,41,41,40,37,44,35,1
60,43,43,39,41,42,38,45,39,43,1
112,160,80,59,69,80,118,168,112,43,2
234,142,103,110,128,290,590,106,55,48,2
263,141,102,141,112,257,567,82,52,56,2
246,138,98,100,63,271,641,102,50,55,2
245,136,94,107,65,280,639,103,62,51,2
254,146,100,109,67,266,636,107,66,54,2
233,130,107,93,64,243,640,90,96,59,2
293,594,517,164,77,110,188,137,58,65,2
295,282,82,184,208,61,71,81,71,65,2
653,443,114,250,256,113,50,43,84,93,2
498,555,214,126,134,48,55,43,65,64,2
62,39,31,42,39,39,39,38,36,37,1
59,39,40,38,41,40,39,34,38,39,1
63,39,37,44,39,50,35,38,37,37,1
66,37,39,36,39,39,38,41,36,39,1
65,42,38,36,33,39,37,42,44,38,1
65,41,41,38,33,36,38,42,44,38,1
59,45,44,40,38,41,42,44,35,39,1
58,44,43,43,41,40,42,38,38,39,1
66,44,44,42,34,35,41,33,40,40,1
56,44,33,39,38,36,42,36,38,38,1
58,40,179,82,70,205,271,84,82,67,2
61,282,482,75,114,88,90,99,64,80,2
63,283,503,108,148,83,80,98,75,122,2
60,282,482,100,147,75,71,103,87,128,2
63,258,475,89,118,79,70,87,76,112,2
62,271,463,75,94,91,98,82,67,88,2
68,260,467,96,125,89,88,92,86,138,2
66,268,473,87,109,81,92,88,91,123,2
61,244,467,99,101,98,79,84,99,99,2
65,221,496,105,164,89,43,57,92,78,2
64,223,540,103,155,90,72,46,79,78,2
65,238,507,106,145,96,70,57,86,75,2
61,217,528,97,151,93,74,55,84,65,2
65,245,526,100,145,89,69,56,77,82,2
66,230,529,107,132,87,81,54,81,77,2
66,243,518,112,144,89,80,61,72,68,2
61,238,524,105,145,92,71,53,74,76,2
60,234,516,108,152,100,83,61,63,80,2
63,242,523,112,143,99,81,54,70,85,2
61,216,511,103,128,79,72,59,83,65,2
65,234,520,100,138,84,74,54,69,66,2
62,235,500,119,147,98,77,66,71,86,2
60,233,524,118,144,103,81,56,63,77,2
61,230,523,107,141,93,70,66,84,81,2
63,220,523,106,131,90,57,58,81,70,2
55,155,411,58,102,46,118,136,86,156,2
65,40,40,39,44,42,42,43,35,38,1
65,44,40,46,37,39,40,39,40,38,1
60,47,40,34,45,42,44,33,42,41,1
58,44,41,42,38,44,45,38,39,43,1
66,46,44,42,36,45,37,43,43,37,1
63,42,40,41,37,40,44,35,38,42,1
54,45,35,38,42,41,38,39,40,39,1
60,46,46,40,43,38,45,40,41,34,1
63,41,42,49,41,39,37,39,38,38,1
62,47,39,43,40,39,41,41,43,36,1
66,43,40,36,40,41,43,41,41,46,1
108,287,252,137,97,59,67,46,38,48,2
85,249,224,113,92,60,53,60,40,65,2
93,146,139,115,107,64,56,45,56,38,2
98,296,235,125,65,75,57,57,47,54,2
108,310,257,152,67,58,54,57,57,56,2
105,289,235,125,77,90,62,51,48,53,2
98,173,151,118,93,55,61,57,58,47,2
70,156,61,94,77,89,65,83,43,43,2
190,337,195,175,75,70,66,74,50,47,2
54,36,41,42,44,40,38,47,38,42,1
58,42,41,40,43,43,41,36,45,38,1
61,44,39,41,41,39,36,44,37,38,1
66,36,42,41,42,40,37,42,35,41,1
61,38,43,43,35,33,43,37,41,38,1
57,44,42,37,39,45,39,40,36,37,1
59,41,41,46,39,39,37,36,41,40,1
56,40,48,39,47,37,43,37,39,39,1
77,51,85,126,69,94,377,145,88,68,2
69,47,136,135,59,77,55,57,42,125,2
83,51,108,148,75,169,220,299,80,148,2
100,113,230,448,121,190,128,62,138,56,2
703,324,225,81,52,152,132,99,81,61,2
60,43,42,35,40,38,39,36,38,33,1
63,40,38,49,37,33,37,39,42,45,1
64,39,43,40,43,41,43,42,43,32,1
58,38,46,41,37,42,39,38,40,40,1
64,44,41,38,43,41,41,42,40,41,1
62,41,44,38,41,39,42,43,32,39,1
56,43,39,43,44,44,42,41,38,42,1
225,270,168,216,96,39,47,45,48,63,2
113,224,123,76,120,113,101,100,61,56,2
81,204,154,88,129,113,87,100,60,49,2
76,320,191,75,72,73,91,88,65,58,2
92,243,167,85,111,112,77,85,61,57,2
95,314,190,82,66,79,92,93,66,52,2
88,270,180,87,106,120,74,88,57,61,2
98,325,185,76,82,83,102,90,66,61,2
86,235,157,91,123,107,82,94,61,53,2
99,323,185,85,71,85,96,92,67,65,2
83,207,139,92,122,90,93,97,59,44,2
92,300,140,72,100,99,109,120,94,63,2
149,335,141,62,128,63,58,59,50,52,2
136,184,159,80,96,57,48,51,66,45,2
632,205,160,192,142,133,44,56,66,86,2
56,37,41,43,41,39,36,39,38,45,1
59,43,43,43,35,42,47,41,40,38,1
66,39,38,41,40,40,35,40,40,38,1
61,36,42,41,34,38,39,44,39,40,1
62,43,36,44,38,32,39,38,40,36,1
64,38,37,43,39,40,39,44,39,39,1
57,42,38,43,40,38,37,39,37,42,1
55,41,42,40,40,39,32,40,40,40,1
69,37,39,43,42,36,43,42,40,42,1
350,451,276,325,128,125,130,70,100,60,2
61,53,244,73,65,69,93,112,62,84,2
56,53,261,77,76,93,112,109,64,90,2
61,52,221,92,77,102,116,46,89,143,2
56,49,232,98,75,109,122,55,81,152,2
68,57,213,93,84,104,124,45,87,149,2
66,50,231,90,78,113,122,46,77,137,2
64,45,227,91,74,100,118,61,84,150,2
56,52,230,84,66,95,102,65,94,172,2
364,238,90,112,74,78,106,232,134,46,2
120,315,479,184,67,47,69,51,59,53,2
66,49,36,39,41,38,40,39,41,40,1
61,41,40,39,47,38,41,39,39,43,1
63,41,42,36,39,34,33,40,42,42,1
58,43,39,41,38,40,39,36,36,39,1
53,37,40,39,37,37,45,41,40,35,1
60,39,43,41,39,37,36,39,37,42,1
71,41,40,45,40,36,36,37,37,34,1
60,41,39,40,36,38,41,32,41,40,1
67,49,39,43,38,37,44,40,37,42,1
58,40,38,40,40,34,37,40,38,41,1
62,45,45,43,34,34,33,36,38,47,1
323,306,391,511,273,124,85,51,79,86,2
118,188,75,65,75,135,63,117,67,57,2
159,173,354,194,152,97,140,130,109,73,2
172,182,380,181,210,121,123,131,91,68,2
165,193,393,181,202,117,107,123,93,70,2
164,180,398,191,210,123,118,141,101,65,2
163,181,320,202,199,125,161,164,118,79,2
155,188,264,202,222,98,114,87,62,64,2
109,176,357,235,127,93,98,87,70,52,2
117,170,340,238,111,91,100,75,70,50,2
111,168,345,236,117,91,91,91,60,54,2
153,157,148,113,87,163,61,88,49,62,2
71,116,188,81,134,385,279,89,65,48,2
64,37,47,40,39,37,37,35,44,34,1
61,39,42,39,38,37,40,44,41,39,1
61,42,42,39,40,36,41,37,34,39,1
58,38,34,39,45,37,40,36,42,44,1
59,44,38,41,40,36,38,39,41,40,1
69,39,38,40,39,41,39,31,43,33,1
64,40,46,38,40,37,39,39,44,37,1
59,33,37,38,39,38,41,36,38,45,1
127,166,150,183,161,103,72,43,88,96,2
195,129,110,87,46,107,107,135,77,56,2
208,123,118,101,42,65,116,107,59,60,2
229,132,112,124,46,73,107,121,66,53,2
213,125,111,98,48,103,110,117,68,52,2
235,121,111,101,55,121,103,123,96,57,2
215,128,125,138,64,101,135,87,68,66,2
229,181,79,152,61,136,220,84,147,164,2
121,202,98,99,105,64,91,52,88,57,2
58,45,37,33,39,45,39,42,41,38,1
62,42,37,39,47,38,40,43,40,41,1
63,37,38,41,34,39,39,40,33,37,1
61,45,38,41,38,40,38,39,43,39,1
61,44,43,41,38,41,43,41,36,36,1
53,39,43,40,43,35,42,38,45,32,1
63,38,39,39,41,43,37,42,37,43,1
264,325,185,104,45,57,48,46,52,56,2
231,421,541,126,51,73,1,61,57,63,2
227,423,562,169,70,64,81,131,96,55,2
232,435,586,145,57,75,94,139,87,61,2
232,474,586,147,59,96,106,146,55,68,2
226,405,532,242,141,49,57,88,64,57,2
222,412,536,212,123,50,68,117,65,64,2
221,407,551,199,115,68,79,118,73,59,2
220,402,558,265,134,46,69,69,63,52,2
219,408,578,198,123,70,71,109,68,65,2
222,404,569,209,130,72,81,111,69,68,2
228,414,575,248,141,47,73,79,61,61,2
208,386,548,243,129,50,75,76,62,59,2
214,402,550,211,133,67,69,101,70,58,2
72,453,181,210,217,73,68,73,100,57,2
69,444,197,201,230,84,64,97,96,64,2
114,202,118,58,91,79,81,118,68,53,2
362,299,426,154,126,74,47,57,102,98,2
56,41,41,37,42,43,39,37,43,41,1
61,44,41,45,42,42,43,41,45,39,1
68,41,48,31,37,41,40,45,44,41,1
65,45,39,43,41,46,39,39,44,40,1
66,42,43,39,33,45,38,37,40,44,1
60,38,41,41,37,40,38,39,37,36,1
61,39,44,41,41,35,36,37,35,39,1
64,39,46,43,42,41,40,40,41,38,1
64,38,43,45,40,43,34,40,39,35,1
58,48,40,36,41,42,40,45,38,45,1
267,539,297,102,72,53,60,60,40,44,2
342,459,246,149,147,175,169,64,81,84,2
316,430,299,224,147,157,110,61,51,89,2
338,389,192,146,149,227,144,88,87,102,2
337,397,283,220,141,156,115,69,52,91,2
331,404,274,228,135,158,144,66,47,66,2
332,382,196,164,156,216,149,96,91,89,2
317,399,201,195,149,208,163,82,69,68,2
339,381,245,213,139,175,155,75,53,69,2
319,382,232,174,141,201,146,78,64,64,2
251,342,227,175,127,104,133,83,60,68,2
200,179,197,136,87,90,121,65,96,64,2
91,277,240,159,247,59,78,59,49,68,2
277,563,254,113,145,177,88,56,62,123,2
59,41,40,42,38,37,39,39,41,38,1
62,46,34,36,32,42,38,38,38,32,1
66,40,38,37,41,41,33,45,36,42,1
72,45,44,37,36,42,39,38,41,40,1
226,165,86,124,49,96,173,75,69,101,2
207,153,97,118,59,95,184,65,74,98,2
234,180,107,195,66,158,165,75,50,88,2
335,211,117,153,90,124,190,61,116,85,2
218,382,239,103,99,74,89,61,102,67,2
224,236,197,92,72,54,51,71,59,45,2
195,366,208,377,188,102,56,84,91,64,2
456,886,180,137,107,123,129,116,56,70,2
60,41,42,40,37,39,39,40,39,43,1
61,40,38,35,42,37,39,35,36,40,1
60,42,39,40,39,39,41,37,35,40,1
61,43,38,42,39,35,38,37,38,41,1
62,44,39,40,38,36,38,39,35,43,1
71,44,40,41,44,39,43,40,39,37,1
61,41,42,42,40,34,40,36,40,36,1
54,42,42,44,39,34,40,41,36,36,1
58,40,36,43,41,41,40,37,44,38,1
60,47,36,37,40,39,37,37,36,43,1
301,360,120,94,163,65,57,83,45,47,2
324,428,110,109,65,45,59,61,49,68,2
320,409,108,99,118,56,61,71,51,50,2
328,419,92,142,135,74,66,50,50,70,2
341,422,117,98,94,51,60,72,53,58,2
333,444,102,133,147,71,56,47,46,70,2
312,370,113,92,137,57,62,80,54,51,2
342,405,100,105,65,44,59,55,57,62,2
308,387,104,89,137,64,62,77,45,53,2
359,431,117,113,81,50,67,81,46,60,2
348,435,90,127,144,71,56,46,48,64,2
308,471,270,242,163,58,90,55,89,68,2
291,406,354,225,184,54,68,61,78,90,2
282,302,255,91,55,46,58,57,59,47,2
867,532,321,224,172,76,93,48,41,60,2
60,41,35,34,37,36,35,35,41,41,1
67,37,36,39,33,43,43,38,44,37,1
69,42,46,33,38,37,34,43,39,38,1
61,44,42,38,43,43,41,39,39,38,1
63,45,44,43,34,35,42,30,40,43,1
59,41,41,43,35,39,39,35,39,43,1
64,41,37,41,39,43,44,49,38,43,1
61,45,38,35,41,45,43,44,38,42,1
308,200,64,181,187,64,128,79,94,103,2
222,211,496,482,86,95,83,110,58,80,2
236,205,518,502,89,103,83,93,70,78,2
235,230,509,549,110,92,80,117,98,50,2
229,227,513,520,110,93,63,81,97,51,2
240,205,506,409,76,140,68,101,71,86,2
177,222,564,401,181,124,101,79,69,71,2
167,213,551,390,178,122,109,79,73,67,2
231,441,452,445,224,124,105,142,65,69,2
402,321,396,298,101,95,62,56,50,43,2
726,390,120,80,221,190,69,100,72,62,2
55,45,47,39,38,35,41,37,41,38,1
59,41,38,41,32,37,37,37,39,39,1
60,42,42,46,36,39,41,42,37,40,1
58,40,42,40,34,42,39,40,40,44,1
62,39,38,39,36,37,37,42,41,39,1
84,70,95,186,149,239,285,141,99,71,2
100,67,97,182,142,236,272,141,112,60,2
102,68,93,178,137,229,281,158,119,58,2
100,68,90,158,107,155,239,140,83,104,2
67,83,89,151,116,165,508,110,94,63,2
473,379,282,201,230,145,105,74,56,57,2
58,41,39,41,39,37,39,41,41,38,1
54,38,39,37,42,41,41,37,40,38,1
65,47,46,41,39,43,39,43,36,38,1
66,43,35,47,40,42,40,44,37,40,1
59,35,32,36,39,38,40,39,43,36,1
62,44,42,36,36,39,38,41,41,34,1
64,43,35,36,38,34,40,43,37,41,1
56,45,37,35,37,39,37,37,40,42,1
63,44,38,41,31,44,34,39,40,33,1
71,43,42,36,40,4,34,39,40,33,1
69,39,39,41,40,38,39,39,42,35,1
64,42,38,42,37,36,37,40,41,47,1
68,44,40,35,38,36,40,36,39,42,1
67,46,41,45,39,35,43,42,41,35,1
61,38,38,45,39,43,40,39,36,39,1
63,38,41,42,31,39,38,38,34,40,1
61,44,40,34,38,39,36,43,40,38,1
70,40,43,41,32,39,37,40,37,39,1
57,35,37,46,36,42,37,42,37,39,1
62,41,45,39,40,39,41,36,40,39,1
68,47,41,35,43,39,41,38,45,38,1
53,42,40,41,39,41,36,38,38,37,1
66,42,45,43,44,40,44,41,37,38,1
59,41,38,37,34,36,42,39,39,38,1
67,37,39,35,38,41,39,39,39,41,1
63,38,40,42,41,44,42,37,37,37,1
61,38,38,34,37,42,33,39,39,46,1
62,40,42,43,38,41,36,43,57,56,1
55,40,37,115,92,78,47,44,51,65,2
58,38,75,449,131,63,50,74,81,84,2
57,45,63,291,120,70,61,98,53,42,2
60,40,43,38,35,38,35,37,41,36,1
55,39,40,38,40,46,44,41,38,40,1
56,40,34,40,42,43,37,42,39,36,1
68,41,43,40,45,38,35,38,38,42,1
53,38,38,41,38,39,40,40,33,35,1
61,41,37,40,43,35,45,39,42,38,1
58,39,38,47,38,39,37,38,42,40,1
55,42,42,40,37,41,41,41,58,69,1
1166,230,214,331,219,76,64,56,59,69,2
1018,247,402,394,241,195,82,102,75,115,2
381,606,188,164,137,79,59,49,49,104,2
780,586,126,54,93,80,76,81,67,72,2
721,593,153,59,89,69,74,110,63,75,2
58,40,38,37,38,34,35,36,40,41,1
64,50,40,35,38,37,41,40,33,40,1
65,44,33,39,38,37,39,36,37,38,1
61,42,38,41,30,35,37,38,41,38,1
59,43,37,36,36,34,37,38,37,37,1
64,45,46,36,43,43,36,35,43,36,1
61,41,43,41,43,39,35,42,37,40,1
61,39,39,40,38,38,37,40,39,39,1
119,235,308,87,158,89,131,102,77,77,2
130,214,274,70,116,78,62,107,131,73,2
136,220,294,79,109,71,74,101,135,93,2
115,224,286,79,110,81,65,102,135,85,2
128,215,279,78,125,71,59,106,135,81,2
134,229,277,78,123,80,67,110,131,82,2
117,219,269,74,119,72,60,113,128,84,2
126,209,266,78,127,76,61,106,136,87,2
61,43,42,38,38,46,41,35,35,34,1
63,45,41,41,36,36,42,45,35,44,1
63,38,37,38,45,41,36,43,41,41,1
60,44,36,43,37,46,39,41,46,37,1
62,39,43,42,40,32,45,38,38,43,1
61,38,36,39,42,40,37,37,41,42,1
66,45,39,39,37,39,40,40,45,38,1
59,41,37,40,40,43,41,41,41,41,1
62,155,332,247,176,124,73,59,40,44,2
68,396,241,173,145,118,50,96,72,65,2
68,383,220,196,165,132,66,93,74,45,2
72,379,249,134,177,122,56,86,77,50,2
67,393,229,152,193,126,56,97,82,43,2
64,399,228,177,186,128,60,92,79,51,2
64,372,220,146,175,126,61,89,72,48,2
65,385,225,157,185,129,66,84,66,51,2
67,372,221,159,184,137,62,87,73,52,2
72,387,230,157,183,119,62,88,79,47,2
72,388,230,148,178,131,63,91,79,55,2
76,381,230,142,185,118,66,93,73,49,2
70,379,227,158,171,127,56,91,77,45,2
68,383,226,153,189,118,60,87,82,44,2
64,371,207,160,194,124,57,84,87,49,2
74,381,223,145,178,130,61,95,77,46,2
73,387,221,145,179,133,63,90,80,57,2
78,382,227,144,176,124,66,95,78,50,2
66,393,226,157,184,119,65,92,84,50,2
69,398,232,161,182,125,72,97,86,53,2
70,382,229,147,184,124,60,83,74,50,2
78,389,224,162,178,121,67,98,91,56,2
71,379,230,162,178,125,60,89,82,55,2
67,387,228,151,180,127,67,94,76,46,2
76,353,234,154,181,129,66,90,79,54,2
69,379,231,157,176,129,63,91,76,49,2
60,380,229,156,194,130,57,81,76,53,2
72,406,241,159,175,126,61,87,79,56,2
69,364,227,160,180,123,57,95,83,53,2
67,398,228,157,171,120,65,88,74,51,2
70,378,217,162,182,130,56,90,81,52,2
78,379,228,143,189,117,63,88,81,49,2
76,375,237,157,176,111,59,97,78,48,2
69,382,217,156,167,130,63,92,81,46,2
72,380,231,158,182,127,58,90,74,54,2
69,365,231,162,187,131,58,93,78,49,2
73,377,229,158,181,111,58,91,78,51,2
68,396,222,154,184,121,65,88,77,55,2
68,378,200,153,189,112,62,79,79,52,2
66,369,222,155,174,126,56,93,85,49,2
71,384,225,148,184,114,65,95,76,53,2
76,373,234,154,177,118,60,87,85,54,2
66,381,214,145,172,123,55,84,74,51,2
72,376,231,160,186,126,62,91,81,51,2
68,374,212,153,185,121,59,88,80,54,2
63,380,229,144,200,112,68,87,90,53,2
67,368,225,157,176,119,53,94,77,54,2
69,380,225,154,188,130,59,90,77,57,2
64,370,222,167,182,116,63,82,77,48,2
62,389,218,163,188,121,63,84,79,52,2
70,352,222,148,175,133,66,94,80,45,2
70,384,216,153,183,110,58,89,80,53,2
69,370,224,147,180,128,60,91,79,53,2
73,392,230,145,186,110,66,96,73,48,2
72,400,215,162,168,115,65,86,73,53,2
65,383,227,149,181,123,61,90,79,51,2
62,382,224,147,190,118,66,86,81,61,2
69,383,212,153,189,130,60,91,84,58,2
72,373,232,156,182,111,62,87,72,50,2
73,374,218,156,182,118,64,85,81,48,2
66,375,221,161,191,116,67,97,80,51,2
70,389,225,161,177,136,65,80,84,45,2
64,373,232,155,179,109,62,88,83,54,2
73,385,234,156,182,129,61,90,74,44,2
69,368,223,160,181,115,65,87,81,46,2
65,378,234,165,175,117,66,87,76,53,2
65,378,227,150,176,124,63,84,80,48,2
67,388,215,149,177,124,63,88,80,51,2
72,370,219,173,175,117,63,85,75,49,2
72,375,224,151,178,121,58,79,76,49,2
70,374,211,158,174,126,63,84,71,53,2
68,360,228,155,169,105,62,83,70,45,2
69,361,219,160,180,109,64,89,87,53,2
72,386,212,177,150,123,65,96,84,55,2
74,387,251,124,183,116,53,86,87,60,2
78,197,227,270,200,129,113,69,76,74,2
139,329,474,111,157,82,99,51,62,93,2
94,251,300,167,238,107,105,70,70,73,2
72,321,276,138,252,105,52,45,58,56,2
62,302,241,171,261,120,56,36,57,59,2
66,323,244,164,265,125,52,50,58,52,2
66,336,266,144,258,113,49,40,69,52,2
56,326,218,173,256,123,61,46,64,48,2
58,316,259,126,241,118,55,52,61,44,2
59,342,249,131,252,126,61,42,73,43,2
62,331,235,153,252,135,60,49,57,49,2
61,342,259,145,244,123,63,44,71,49,2
67,331,245,145,253,133,63,50,74,51,2
61,345,249,155,250,130,60,42,75,46,2
63,326,254,141,252,120,58,50,65,40,2
61,329,249,147,258,124,55,41,69,49,2
65,330,237,138,256,114,58,40,72,43,2
54,320,255,147,256,127,50,49,66,44,2
57,328,244,149,241,120,56,52,65,57,2
62,341,246,137,255,124,64,46,62,48,2
57,346,242,145,252,122,54,47,75,49,2
58,343,243,142,251,126,58,41,70,44,2
60,323,237,135,248,130,57,42,62,43,2
65,329,242,139,255,116,49,40,65,50,2
57,339,248,144,255,122,58,39,63,46,2
60,346,263,149,256,129,57,39,61,48,2
63,358,250,144,245,124,60,46,62,49,2
60,331,242,149,259,126,60,48,63,51,2
63,333,249,156,251,126,55,45,69,48,2
66,345,252,135,251,127,57,48,74,48,2
60,320,239,147,258,130,59,49,74,47,2
56,326,261,142,253,122,58,41,71,46,2
59,321,235,150,251,124,65,48,66,39,2
69,358,238,156,231,115,55,63,77,47,2
67,334,284,116,241,98,53,50,80,51,2
77,212,194,256,108,123,90,61,49,64,2
118,273,90,89,126,71,73,49,54,55,2
128,345,314,88,153,89,79,40,53,73,2
87,53,46,37,43,43,39,38,39,42,3
100,87,49,37,37,39,40,36,36,39,3
98,88,46,34,42,39,40,32,39,37,3
115,84,46,33,39,39,41,38,43,39,3
107,89,38,43,39,38,39,36,37,40,3
111,88,43,37,37,37,37,42,35,38,3
113,88,41,45,37,39,36,37,39,42,3
131,84,36,45,41,40,41,35,44,38,3
113,94,41,34,37,36,39,37,36,35,3
114,86,39,42,38,35,37,35,35,40,3
103,86,43,39,35,41,43,41,42,41,3
112,81,43,37,41,42,36,38,42,36,3
122,87,35,42,43,41,44,37,41,36,3
109,81,41,37,37,40,40,39,37,40,3
105,78,37,32,38,37,33,35,41,37,3
104,81,44,44,42,35,43,43,38,42,3
116,73,42,40,37,37,37,42,44,38,3
108,74,41,35,42,40,42,37,40,41,3
122,73,45,38,38,36,36,37,38,39,3
133,101,42,39,40,40,31,32,43,38,3
125,92,45,42,37,42,36,34,42,37,3
116,96,41,38,36,40,42,42,42,43,3
141,85,41,37,40,38,37,44,38,44,3
124,106,58,43,42,39,43,36,35,47,3
174,84,55,44,56,46,41,36,35,35,4
180,97,53,52,52,42,42,40,45,37,4
194,91,60,48,44,38,41,43,46,39,4
185,96,59,48,51,49,41,41,35,37,4
180,95,63,50,50,37,40,45,40,40,4
184,94,59,55,56,44,37,40,41,35,4
180,92,61,46,46,40,39,45,37,43,4
171,97,49,44,51,44,36,37,33,41,4
175,99,60,45,53,44,38,40,40,34,4
179,93,53,44,44,46,45,46,40,44,4
179,93,60,52,50,41,46,44,45,38,4
172,97,57,50,41,45,36,44,37,47,4
166,99,65,46,58,37,37,36,38,40,4
174,96,51,46,47,43,38,41,39,42,4
164,88,62,49,49,42,37,40,37,40,4
173,87,56,47,56,41,42,41,41,38,4
170,88,53,46,47,40,40,42,43,38,4
171,88,54,45,52,42,41,39,49,39,4
171,92,61,45,44,42,44,45,38,40,4
100,86,39,40,35,34,42,41,43,38,3
100,81,43,42,34,39,39,35,40,42,3
96,77,44,39,39,37,36,38,41,46,3
101,78,45,40,47,37,40,37,40,34,3
107,76,42,44,38,38,34,38,40,37,3
96,81,41,39,41,42,42,34,37,39,3
97,77,41,41,36,33,44,37,40,46,3
102,80,37,45,35,38,38,37,46,34,3
98,82,45,41,40,39,37,36,38,36,3
100,78,42,41,40,36,38,37,40,43,3
95,73,42,38,40,41,45,34,39,40,3
103,74,45,44,37,37,37,40,42,41,3
92,78,41,41,39,40,34,36,39,40,3
102,66,41,41,42,43,34,41,44,38,3
94,78,38,39,39,48,36,36,38,44,3
96,80,40,36,43,39,38,34,38,39,3
99,82,39,35,40,37,43,42,41,40,3
96,74,49,38,35,40,47,40,33,39,3
98,78,46,38,35,35,41,36,35,39,3
93,74,42,37,32,33,41,38,35,39,3
99,80,44,39,40,40,46,40,38,36,3
124,104,70,39,39,39,47,37,38,46,4
111,102,68,37,44,39,37,41,39,37,4
106,91,67,49,39,41,41,43,40,38,4
118,96,76,45,36,42,40,38,47,35,4
113,93,68,43,44,43,44,41,41,36,4
128,99,68,41,39,39,43,40,45,40,4
125,103,76,42,45,38,42,40,42,41,4
115,100,71,45,39,43,36,43,47,40,4
106,98,61,38,41,36,37,38,41,36,4
131,109,59,43,43,37,41,40,41,43,4
111,59,52,37,39,45,38,46,36,32,4
104,130,54,45,48,40,38,35,36,43,4
106,131,58,46,50,36,41,41,40,38,4
101,132,56,43,44,32,46,50,39,36,4
99,135,53,40,51,41,41,37,40,39,4
109,129,52,48,50,47,43,43,42,39,4
114,136,54,44,44,42,43,38,36,43,4
93,126,49,38,42,42,44,41,40,36,4
89,140,56,38,41,42,37,45,38,44,4
94,126,51,47,45,39,40,38,41,41,4
74,128,58,37,46,41,40,36,47,41,4
77,119,56,42,43,44,44,36,37,39,4
76,124,55,44,51,42,35,37,33,36,4
77,115,53,35,36,42,42,40,40,39,4
79,128,56,39,52,43,37,36,39,38,4
78,124,53,44,47,40,37,42,40,40,4
80,125,59,46,44,38,39,46,41,45,4
81,119,61,37,41,35,41,40,38,39,4
79,125,60,42,41,34,37,42,41,45,4
83,127,58,42,47,46,42,41,42,39,4
76,128,63,46,38,48,41,44,35,36,4
77,134,57,47,45,41,41,39,35,47,4
77,134,54,43,40,44,42,37,40,39,4
84,133,62,39,49,43,38,36,34,35,4
80,130,61,40,40,46,40,41,39,33,4
87,127,58,39,46,41,43,44,39,35,4
83,61,37,37,36,33,36,34,37,35,3
94,65,38,40,35,39,36,41,40,39,3
92,65,46,43,40,41,46,39,37,38,3
86,59,41,39,42,37,36,38,35,36,3
92,55,44,38,34,40,41,35,34,44,3
90,60,44,36,42,37,44,38,36,37,3
90,64,41,46,40,32,37,37,39,35,3
85,58,45,40,44,43,38,43,39,36,3
88,66,43,40,40,39,36,46,38,39,3
82,59,41,40,37,45,39,41,40,40,3
93,67,39,42,39,38,37,38,36,38,3
121,79,44,45,41,35,42,41,40,37,4
121,83,42,44,46,40,45,39,36,44,4
127,81,47,48,38,35,41,40,41,36,4
115,71,47,41,37,40,39,37,38,44,4
116,82,47,44,38,36,35,40,38,41,4
118,73,39,47,40,43,44,35,38,38,4
117,73,48,41,39,49,41,37,38,39,4
124,81,42,44,47,41,36,38,41,43,4
121,83,42,48,42,45,36,38,37,34,4
116,86,46,44,45,40,39,40,40,41,4
115,80,44,40,49,47,39,40,41,39,4
107,80,43,41,40,44,43,38,45,37,4
115,84,43,39,47,37,42,46,34,41,4
113,78,39,41,43,39,38,32,45,36,4
127,75,40,36,44,45,39,36,43,35,4
88,61,38,34,40,41,37,35,40,40,3
90,61,40,36,39,39,41,38,40,42,3
84,68,44,40,36,38,36,38,36,41,3
89,54,42,36,37,35,37,34,38,40,3
89,64,38,43,40,38,45,35,37,39,3
89,64,39,44,38,37,36,44,38,39,3
85,57,40,40,40,42,46,41,43,47,3
90,61,40,40,44,38,38,38,37,35,3
83,59,38,36,39,36,35,42,36,39,3
86,59,41,36,36,41,42,42,44,42,3
88,56,43,38,38,36,39,39,42,38,3
86,53,36,35,36,37,37,37,38,36,3
86,55,40,39,41,41,43,38,38,39,3
81,64,50,44,54,43,39,40,38,39,4
173,78,44,53,51,53,42,41,38,46,4
169,76,42,57,52,61,49,55,41,36,4
162,83,44,58,56,58,43,44,38,43,4
154,88,48,47,48,60,42,40,45,37,4
176,80,45,46,41,65,41,40,40,38,4
157,84,39,51,54,60,43,37,39,41,4
161,72,42,45,52,65,43,50,38,46,4
172,78,38,53,50,59,39,48,42,43,4
184,78,43,54,44,59,45,42,43,42,4
172,83,37,54,51,49,41,41,40,42,4
169,69,39,52,47,58,46,41,40,41,4
180,87,37,56,45,55,44,40,44,43,4
176,88,45,53,45,58,37,47,41,40,4
174,74,38,42,42,60,39,44,37,37,4
172,70,39,53,50,53,40,45,37,42,4
177,80,37,59,47,54,49,40,38,39,4
179,75,39,45,47,61,40,41,38,42,4
184,79,44,49,54,58,37,39,41,43,4
162,72,43,46,53,63,37,42,38,33,4
180,89,36,43,48,66,39,42,40,44,4
179,81,39,46,48,58,43,41,44,42,4
176,77,56,41,41,49,42,41,36,39,4
160,91,75,49,58,47,40,44,48,35,4
150,76,79,57,42,38,40,43,39,38,4
148,80,82,49,42,39,43,48,37,41,4
136,81,66,56,48,36,43,42,45,35,4
140,73,51,58,55,56,45,39,46,42,4
210,66,47,43,42,37,43,43,39,38,4
213,72,65,61,40,44,38,42,43,42,4
133,75,44,39,37,38,36,38,38,39,3
122,68,41,38,39,34,36,39,35,42,3
135,76,44,40,39,42,41,35,35,39,3
131,79,48,41,39,43,36,34,35,43,3
131,77,38,42,43,38,41,38,38,41,3
129,75,43,39,40,40,43,42,40,42,3
125,78,44,36,33,40,36,39,44,38,3
138,75,40,37,39,47,37,41,41,35,3
135,87,45,46,41,36,38,41,30,37,3
131,84,38,41,33,40,40,38,38,42,3
138,87,55,40,38,40,42,40,39,40,4
139,72,41,39,41,48,44,45,41,46,4
145,88,49,36,40,39,43,46,38,41,4
131,90,41,38,41,43,43,38,41,43,4
134,91,38,39,41,47,38,46,34,41,4
131,78,41,40,38,40,42,42,40,34,4
110,99,43,44,42,36,40,40,42,32,4
129,74,39,45,38,39,40,36,45,41,3
124,72,41,36,40,41,34,38,41,44,3
133,75,45,38,39,45,43,39,39,44,3
126,79,37,40,41,40,36,37,40,37,3
137,80,40,34,37,41,39,38,39,35,3
127,68,36,38,38,34,48,40,41,38,3
133,66,37,44,39,41,36,38,34,43,3
128,84,39,39,40,44,34,38,34,40,3
118,78,44,39,38,38,36,38,42,35,3
146,74,41,39,38,33,41,38,41,38,3
115,142,61,38,39,39,43,43,42,38,4
136,140,61,48,38,39,42,33,37,44,4
139,135,72,51,43,42,33,38,40,40,4
129,155,57,55,47,43,41,40,37,40,4
154,147,58,60,45,36,39,44,39,47,4
153,143,65,53,41,35,39,41,37,39,4
146,150,56,50,42,43,38,38,37,42,4
146,138,63,48,39,40,40,45,37,36,4
148,153,58,56,40,38,46,36,38,41,4
146,137,73,54,45,42,38,40,41,40,4
158,143,61,48,43,39,36,42,44,33,4
145,147,64,50,45,37,36,37,41,44,4
151,153,64,45,43,37,41,38,37,41,4
141,123,59,41,38,51,32,40,35,42,4
138,86,55,46,39,42,47,38,41,41,4
181,85,39,41,44,40,42,38,38,41,4
252,83,65,52,43,39,39,40,43,41,4
131,97,113,48,42,39,63,43,46,37,3
134,77,40,39,39,36,37,35,35,41,3
141,79,41,39,40,39,37,39,37,41,3
132,77,40,36,37,36,41,38,36,37,3
130,67,31,31,39,38,43,39,39,35,3
127,75,36,38,36,39,36,38,41,37,3
134,73,36,37,36,40,34,34,38,40,3
136,67,38,36,43,44,34,36,40,43,3
134,83,36,41,45,34,37,41,38,37,3
267,89,46,48,40,38,40,47,38,41,4
102,65,44,42,40,33,39,44,47,41,4
160,85,85,55,37,45,38,37,40,41,4
129,70,89,71,56,55,42,37,38,45,4
141,97,49,45,41,40,50,37,39,42,4
137,87,45,40,33,38,39,39,40,35,3
131,74,42,38,36,38,34,41,39,40,3
130,77,41,39,43,36,40,36,37,42,3
128,67,37,39,41,39,40,47,48,43,3
123,71,45,39,42,36,33,38,42,43,3
125,71,39,38,44,37,38,39,38,35,3
118,77,37,38,39,37,36,40,42,34,3
134,76,40,38,44,42,40,40,38,39,3
134,73,37,41,44,37,37,39,39,36,3
125,76,36,41,38,38,40,40,42,37,3
132,74,38,40,38,41,32,42,40,38,3
131,67,43,36,36,36,42,41,35,41,3
127,79,45,40,39,34,35,42,38,40,3
127,75,35,41,45,38,39,37,39,36,3
126,74,36,42,46,39,35,42,34,38,3
131,74,39,38,39,42,36,42,40,39,3
135,69,41,37,34,40,39,43,39,36,3
129,75,41,39,40,40,38,38,34,39,3
124,77,42,41,40,35,36,39,42,38,3
120,82,45,40,38,41,36,39,37,41,3
170,120,52,42,36,39,40,42,38,41,4
142,81,85,61,45,45,40,43,42,45,4
129,82,74,60,46,35,42,41,35,40,4
130,80,64,58,36,44,38,39,38,45,4
138,77,72,63,39,35,41,41,42,45,4
131,84,83,67,44,41,39,40,38,41,4
133,83,81,61,38,42,42,39,39,39,4
132,84,74,62,39,36,41,34,42,44,4
126,87,77,58,42,34,38,43,35,40,4
120,69,75,57,38,37,42,44,41,38,4
119,73,66,61,42,42,40,44,40,40,4
125,70,68,63,41,42,40,44,39,38,4
112,67,81,56,38,41,43,39,41,33,4
110,92,74,47,39,42,38,34,40,39,4
106,88,73,56,43,34,35,35,43,38,4
147,81,39,33,38,37,37,36,45,36,3
128,80,40,40,40,43,40,36,36,38,3
133,78,40,38,33,36,38,40,41,36,3
127,86,42,38,39,43,35,42,36,42,3
129,83,42,37,37,43,35,35,40,37,3
119,88,74,37,41,41,37,42,36,37,3
162,73,53,37,42,43,36,39,36,37,4
159,75,39,35,39,44,39,41,38,36,4
134,80,56,44,40,40,39,44,41,36,4
155,85,41,43,40,42,43,38,40,36,4
131,103,46,50,45,44,39,33,46,40,4
178,272,75,47,42,42,42,45,45,40,4
182,79,38,39,46,38,39,41,37,38,4
170,86,44,37,38,34,36,37,36,36,4
162,87,40,43,35,42,39,42,33,42,4
157,114,74,42,40,37,32,39,43,38,3
155,93,74,37,42,38,36,40,38,39,3
158,91,76,45,41,38,39,42,36,37,3
161,96,76,39,38,41,36,40,42,41,3
158,105,53,43,44,43,41,39,38,35,3
160,111,54,46,44,41,35,41,39,40,4
171,165,100,40,42,41,42,44,41,40,4
167,157,129,44,45,39,35,35,38,41,4
163,162,130,40,34,42,43,40,47,45,4
167,158,152,38,43,40,45,42,38,40,4
153,157,149,47,41,37,40,38,34,41,4
151,154,130,48,41,45,42,39,39,43,4
159,142,142,47,35,40,39,41,40,38,4
156,150,119,50,38,36,38,43,43,37,4
163,140,115,52,41,36,37,35,38,40,4
157,141,114,50,40,43,43,36,45,41,4
158,136,107,51,42,34,40,40,39,35,4
156,138,100,46,42,39,35,40,37,46,4
159,132,95,54,38,36,36,43,40,41,4
163,127,94,44,42,36,41,42,36,41,4
166,141,104,51,40,36,34,45,44,44,4
148,100,84,49,41,43,39,39,35,45,4
154,99,86,46,37,41,44,39,37,37,4
163,90,91,39,44,34,41,37,39,41,4
158,98,83,50,41,42,47,39,42,39,4
153,100,85,50,49,43,40,34,40,43,4
164,153,102,47,44,38,42,40,38,36,4
136,116,46,45,38,45,42,49,38,39,4
108,143,46,50,47,44,49,39,37,42,4
138,105,51,51,61,48,42,47,34,39,4
151,105,44,43,38,38,41,35,39,40,3
139,98,37,45,41,42,38,36,35,36,3
149,102,43,38,38,37,41,41,35,32,3
163,106,39,40,43,39,38,32,38,36,3
145,105,44,42,40,39,41,41,36,41,3
152,102,45,38,37,38,32,37,38,45,3
134,99,41,43,39,35,37,33,33,42,3
155,97,46,38,41,40,36,41,41,40,3
149,91,41,36,36,37,40,37,37,38,3
154,93,36,37,42,36,35,42,40,39,3
144,93,37,33,42,38,37,37,36,36,3
140,96,42,41,37,39,46,33,41,37,3
150,105,34,41,36,42,38,33,34,38,3
143,92,39,39,35,37,36,49,34,38,3
148,95,34,40,35,43,44,36,39,36,3
143,98,42,41,37,35,38,41,37,39,3
148,97,38,38,41,42,39,39,37,35,3
120,82,46,38,46,42,39,40,42,32,3
162,122,51,53,35,38,41,33,33,40,4
125,103,57,34,38,41,55,39,42,42,4
129,100,52,39,35,51,56,40,42,36,4
111,101,50,45,36,46,50,41,36,36,4
120,87,49,42,40,42,56,35,42,36,4
124,93,51,38,41,52,45,41,41,39,4
127,120,60,37,36,45,52,39,32,38,4
122,113,62,40,44,47,54,43,38,35,4
162,113,48,44,41,41,45,44,36,37,4
157,118,52,37,42,41,48,41,47,42,4
175,116,53,45,48,45,48,43,41,42,4
165,108,46,45,41,37,48,42,39,34,4
171,119,50,46,40,36,45,38,43,39,4
171,122,55,41,45,40,43,38,38,37,4
173,129,58,41,35,37,50,41,37,33,4
166,106,49,50,43,41,48,44,39,39,4
163,111,55,41,35,47,56,37,40,45,4
167,118,51,51,44,44,51,38,37,40,4
169,123,45,43,49,36,47,43,43,43,4
173,125,45,39,33,43,51,44,38,34,4
144,108,43,40,41,38,40,38,40,41,3
145,96,39,35,37,39,35,42,42,44,3
150,89,41,41,40,36,38,43,44,44,3
142,102,43,39,42,37,37,38,38,36,3
142,96,44,35,35,40,36,33,35,48,3
155,95,43,35,38,41,38,40,39,37,3
132,96,36,43,40,38,42,32,38,38,3
142,95,44,39,44,30,42,42,42,34,3
155,105,41,34,41,40,38,38,39,41,3
190,122,42,44,42,39,44,41,45,39,3
208,78,46,44,42,37,38,35,47,36,3
111,88,45,42,44,48,57,39,41,44,4
119,74,56,43,41,46,53,41,41,39,4
119,96,50,37,38,42,54,49,47,40,4
167,124,54,40,40,42,52,41,41,41,4
155,114,49,42,37,37,51,37,43,42,4
150,119,57,39,37,43,53,36,45,37,4
156,129,62,38,41,43,46,43,41,41,4
154,115,53,38,37,45,50,37,38,43,4
160,116,58,46,35,46,55,39,41,46,4
150,128,57,41,35,44,51,41,41,41,4
150,120,59,37,35,45,58,41,35,38,4
150,130,60,39,40,44,50,36,40,48,4
156,127,50,38,41,44,53,44,37,39,4
186,128,64,43,37,40,41,48,45,46,4
82,46,35,39,36,40,39,39,43,38,1
82,48,40,42,42,40,37,38,41,42,1
80,44,42,40,42,41,39,39,37,38,1
84,37,38,34,40,43,45,41,43,42,1
80,48,42,43,39,42,40,40,47,36,1
84,46,35,39,40,40,45,40,39,41,1
79,44,39,40,36,37,39,44,41,41,1
80,42,41,38,40,42,37,38,35,44,1
75,44,39,38,36,40,43,37,40,43,1
74,38,38,41,37,42,39,38,39,36,1
80,43,38,40,45,42,40,37,41,33,1
79,45,35,41,41,36,40,39,42,34,1
72,43,41,41,38,37,39,40,38,39,1
73,40,34,39,44,39,38,38,41,40,1
944,638,223,125,123,88,63,55,74,52,2
894,642,221,124,145,117,49,60,47,50,2
950,637,235,133,142,98,61,75,45,50,2
956,627,240,136,128,101,65,77,49,59,2
970,594,233,134,144,107,70,62,57,57,2
943,628,253,137,170,134,54,72,71,58,2
933,639,238,138,148,127,65,76,46,58,2
947,601,246,135,168,108,50,86,73,64,2
936,639,241,127,186,166,43,71,106,52,2
902,663,245,133,148,104,66,62,53,61,2
945,638,238,129,189,16,66,62,53,61,2
974,596,246,145,161,115,60,99,77,50,2
931,631,234,146,196,147,50,84,79,51,2
956,611,225,138,165,120,55,94,60,55,2
936,649,240,132,188,168,45,76,93,44,2
994,615,227,123,187,173,48,73,100,54,2
918,603,227,152,171,115,63,72,55,54,2
905,497,247,109,129,91,70,88,61,76,2
836,543,224,102,132,79,90,72,44,58,2
828,519,232,108,100,79,88,64,61,44,2
880,525,246,114,93,75,66,70,58,52,2
839,504,227,105,94,84,68,63,58,37,2
847,492,249,107,93,85,63,54,66,36,2
78,45,36,40,42,36,38,34,39,38,1
77,39,39,41,38,39,38,38,41,37,1
80,48,41,42,39,39,40,40,46,44,1
88,42,39,40,42,42,35,44,36,39,1
73,43,43,37,38,35,35,43,35,41,1
74,38,41,37,40,38,37,42,40,42,1
85,47,37,42,40,42,35,40,33,32,1
83,46,38,37,43,46,42,37,43,43,1
78,40,43,35,37,40,39,38,42,41,1
76,52,44,37,39,41,40,42,41,42,1
78,40,36,36,38,41,38,41,39,38,1
77,50,41,39,42,36,38,39,39,38,1
87,48,45,41,38,43,39,41,44,37,1
81,49,41,32,43,37,42,40,38,42,1
84,38,39,40,37,35,39,43,39,45,1
1287,296,146,124,70,44,104,97,73,47,2
1341,294,183,137,99,51,113,93,48,45,2
1325,297,195,132,98,53,105,78,43,48,2
1319,300,201,133,102,59,118,112,41,36,2
1371,302,193,145,96,52,112,79,47,40,2
1340,329,194,147,104,59,96,90,48,42,2
1332,318,211,158,110,61,76,95,58,39,2
1307,303,200,154,107,52,106,75,47,46,2
1331,307,217,173,119,58,64,52,60,42,2
1390,296,192,158,103,58,97,81,42,48,2
1355,335,238,181,127,63,59,49,62,38,2
1433,312,211,172,121,68,70,65,45,53,2
1388,313,196,154,96,63,98,90,45,52,2
1373,280,363,215,126,97,74,59,53,44,2
1519,361,251,227,100,74,49,72,66,98,2
82,46,39,40,40,38,38,38,41,39,1
86,47,42,39,45,35,37,36,38,40,1
84,43,36,42,35,36,40,37,42,41,1
87,47,42,38,36,41,38,40,36,35,1
79,44,41,36,42,38,42,42,40,39,1
81,49,40,43,40,42,44,39,35,35,1
81,46,42,39,39,37,41,41,37,44,1
81,45,41,40,44,37,40,38,39,41,1
78,48,37,43,39,44,40,39,36,37,1
77,43,43,44,37,35,41,39,41,43,1
75,42,40,38,38,42,43,37,41,38,1
85,42,37,38,34,43,46,39,41,42,1
78,44,43,37,38,35,38,42,40,40,1
75,47,38,35,43,45,41,42,43,36,1
284,180,199,182,106,134,134,118,98,88,2
301,191,184,150,116,228,153,107,74,76,2
267,176,230,202,105,106,99,146,90,69,2
258,172,208,194,107,136,119,127,89,75,2
274,168,170,149,124,218,149,124,71,82,2
272,168,216,209,107,115,123,104,91,79,2
275,175,172,160,120,204,132,129,83,72,2
263,188,180,166,122,200,129,132,99,77,2
270,181,196,190,114,151,119,125,95,80,2
280,160,496,392,310,158,130,51,83,80,2
296,187,579,398,279,241,201,82,124,57,2
342,226,507,309,329,191,136,105,155,68,2
294,210,538,356,275,233,204,106,141,73,2
329,234,471,285,378,175,87,80,148,58,2
339,213,504,295,320,203,131,90,152,57,2
311,221,528,349,301,202,179,100,141,62,2
315,240,533,317,280,208,182,114,131,62,2
298,218,530,309,296,206,185,114,141,69,2
77,43,37,41,39,40,41,37,40,39,1
81,52,36,38,34,35,44,37,41,35,1
83,44,41,38,41,45,40,38,40,44,1
77,51,38,40,37,39,44,38,40,39,1
85,43,43,33,44,36,45,33,41,41,1
79,49,42,40,39,39,38,41,41,38,1
85,37,45,40,35,37,42,38,38,42,1
76,47,38,40,37,43,43,44,38,39,1
80,37,40,40,40,36,42,36,43,39,1
81,48,38,37,34,40,38,40,41,39,1
76,42,48,39,40,41,36,42,41,40,1
79,40,44,37,43,35,41,33,39,38,1
77,45,43,38,40,38,44,44,36,37,1
82,45,40,41,40,38,41,36,39,39,1
77,41,42,39,39,39,41,40,39,38,1
86,43,38,38,40,40,39,40,38,37,1
86,45,45,46,48,48,46,38,40,38,1
75,49,41,40,37,39,41,38,43,38,1
77,45,38,46,36,36,37,40,43,41,1
429,809,317,451,387,240,141,189,155,97,2
417,776,343,520,247,203,104,171,84,58,2
453,684,395,512,213,238,149,173,109,82,2
423,792,347,522,257,208,99,173,87,53,2
498,674,418,470,194,239,143,122,98,67,2
425,708,399,486,196,234,148,140,105,84,2
409,746,337,511,269,197,111,168,79,58,2
467,676,402,506,217,216,145,159,108,79,2
419,793,369,517,213,194,120,173,83,72,2
429,741,350,517,222,193,118,175,82,56,2
451,704,419,482,203,243,145,121,90,82,2
352,773,330,531,384,104,128,129,63,69,2
420,682,264,358,152,210,135,51,70,97,2
391,707,251,325,212,207,147,86,52,74,2
74,39,47,40,31,43,37,45,40,45,1
80,42,35,41,42,37,39,41,41,38,1
81,46,44,43,36,39,38,35,39,41,1
82,46,33,44,44,40,32,40,40,43,1
82,40,41,40,35,35,42,39,41,42,1
75,45,40,43,42,49,41,36,37,40,1
82,41,38,42,40,41,37,35,40,36,1
91,43,41,37,43,40,46,42,43,36,1
81,44,38,39,36,44,43,43,43,40,1
82,43,41,43,39,37,35,40,37,37,1
78,41,43,41,34,37,40,41,39,37,1
78,38,34,33,38,38,41,39,40,42,1
72,48,48,41,41,37,42,41,36,48,1
82,50,40,37,40,36,41,45,44,43,1
87,49,36,42,42,37,43,45,41,40,1
1255,213,175,240,171,105,118,62,100,78,2
1166,183,155,180,103,62,51,103,91,62,2
1224,176,148,192,92,56,47,107,79,56,2
1242,188,132,183,84,54,52,91,93,54,2
1260,186,139,234,72,52,47,76,67,45,2
1233,200,148,254,88,57,45,81,74,58,2
1262,187,167,253,90,57,47,77,71,66,2
1249,184,145,217,83,48,46,81,70,49,2
1278,197,172,283,88,56,55,72,71,61,2
1262,191,142,209,74,48,43,80,57,52,2
1247,193,156,236,89,58,45,71,76,53,2
1237,217,89,127,53,50,51,68,66,57,2
1219,213,104,204,106,55,62,43,66,50,2
1213,232,113,192,87,46,76,43,62,53,2
1223,218,117,193,89,45,70,46,49,55,2
1198,210,128,226,97,48,62,55,71,60,2
1221,231,139,232,104,41,71,58,60,59,2
1221,218,144,253,104,53,59,56,76,55,2
1293,224,144,239,119,51,52,61,69,55,2
1193,226,153,283,134,52,52,71,77,67,2
1226,217,133,255,103,44,76,58,56,66,2
1283,218,160,259,140,45,57,64,79,61,2
1243,206,142,267,117,45,54,65,68,69,2
1286,230,155,274,150,54,52,92,77,67,2
1209,218,150,260,118,52,54,79,78,63,2
1194,220,133,280,127,52,59,85,84,78,2
1278,218,147,247,118,44,54,67,71,68,2
1202,233,136,260,115,49,61,76,69,63,2
1184,211,135,254,104,43,65,67,71,58,2
1240,221,125,227,99,47,75,65,73,57,2
1221,218,137,250,94,42,73,53,62,64,2
1155,203,139,268,110,44,64,74,72,67,2
1234,204,13276,268,110,44,64,74,72,67,2
1184,224,128,258,115,45,74,65,58,62,2
1217,218,126,220,95,45,95,45,59,58,2
1170,207,143,236,95,43,97,49,58,57,2
1263,214,117,212,114,49,98,42,57,68,2
1229,231,137,240,101,47,74,57,71,63,2
79,47,36,45,38,44,38,32,44,41,1
81,42,39,43,40,38,44,38,36,39,1
76,51,40,42,39,44,41,44,43,46,1
79,41,37,41,37,42,36,34,39,39,1
80,45,36,43,36,39,37,41,41,44,1
83,44,42,40,40,37,38,40,37,42,1
77,43,42,42,33,42,44,44,35,35,1
71,44,40,34,41,41,43,44,40,43,1
79,42,41,40,40,36,38,35,34,40,1
84,43,44,41,38,42,43,39,34,45,1
75,48,41,37,42,34,41,43,39,37,1
81,47,41,40,39,38,35,37,40,40,1
89,49,40,40,38,37,42,38,40,38,1
85,44,41,41,43,43,38,37,34,39,1
79,44,45,40,42,40,37,38,43,38,1
74,43,42,39,36,42,43,40,35,38,1
79,48,35,39,37,42,41,37,39,41,1
78,46,37,40,37,40,36,41,42,40,1
80,45,39,40,37,44,39,32,34,42,1
85,42,43,38,35,39,44,37,39,34,1
88,47,36,36,40,37,37,41,41,36,1
86,45,43,34,39,40,34,42,42,37,1
795,281,222,252,143,160,111,168,84,62,2
765,339,264,314,176,162,86,169,92,57,2
807,191,143,218,153,117,118,77,71,47,2
807,191,143,218,153,117,118,77,71,47,2
795,207,174,222,160,145,74,93,155,50,2
781,193,169,206,186,140,70,103,160,53,2
758,193,147,265,189,173,174,107,75,75,2
759,171,159,298,161,166,148,103,81,75,2
815,172,138,253,167,177,161,114,76,69,2
764,173,161,308,136,158,98,143,59,48,2
749,161,125,231,157,197,183,112,100,77,2
765,167,128,258,154,207,175,120,80,65,2
745,157,140,267,140,201,176,114,73,60,2
770,162,126,273,133,213,169,139,70,66,2
80,43,38,41,40,38,40,39,37,36,1
68,41,37,40,44,37,41,44,39,38,1
74,48,42,37,33,41,40,37,42,35,1
83,39,40,42,41,34,41,40,39,44,1
80,49,40,39,36,43,35,34,37,43,1
81,50,36,47,36,41,39,36,37,41,1
85,44,41,38,42,42,40,33,34,42,1
81,47,39,42,42,38,38,40,42,38,1
84,48,50,42,43,41,39,41,48,60,1
260,508,217,254,462,287,71,122,165,120,2
339,517,232,287,586,343,168,127,239,170,2
236,530,248,279,466,262,99,129,154,111,2
330,527,228,298,575,349,172,112,225,168,2
305,513,229,269,578,339,151,106,215,147,2
256,563,246,238,537,305,99,121,202,119,2
287,547,241,238,565,338,149,101,214,129,2
265,553,238,240,541,344,136,110,211,100,2
224,471,301,381,235,228,111,132,75,102,2
77,45,42,42,36,43,37,42,38,41,1
78,41,43,37,39,41,42,38,39,38,1
80,46,39,37,38,47,38,43,35,42,1
87,44,46,44,40,42,38,38,38,38,1
83,46,39,39,40,39,43,43,39,40,1
83,45,39,38,43,37,38,40,40,39,1
79,42,40,40,40,40,38,38,38,41,1
80,37,42,38,41,41,38,38,40,41,1
81,38,36,36,39,37,45,39,40,38,1
75,45,41,38,41,40,36,41,38,38,1
83,47,36,38,42,45,44,41,40,33,1
215,200,232,210,150,179,178,150,67,90,2
149,155,167,160,136,206,156,154,93,133,2
186,184,243,189,120,177,198,184,77,106,2
299,514,383,440,335,90,107,114,114,92,2
1294,346,151,279,204,116,91,62,75,85,2
1212,318,82,209,272,110,51,48,60,42,2
1196,229,93,311,264,118,78,90,63,52,2
1211,246,100,314,252,115,71,84,54,43,2
1247,321,227,91,271,208,123,39,58,50,2
1260,360,245,128,314,206,143,52,68,63,2
1245,328,209,155,277,169,160,91,55,55,2
1384,639,231,172,365,112,57,73,52,63,2
69,41,41,36,38,38,39,36,40,38,1
70,44,42,45,42,37,39,41,40,34,1
80,46,40,42,33,40,40,41,40,35,1
71,43,40,39,40,41,47,41,36,38,1
77,43,36,42,39,36,38,36,43,37,1
76,43,36,43,37,36,37,40,41,37,1
86,43,43,44,41,37,43,43,42,41,1
73,44,41,41,39,45,40,40,36,43,1
74,45,46,39,37,41,39,36,42,39,1
88,45,42,37,34,39,44,32,32,40,1
85,47,38,39,39,42,37,40,40,42,1
75,43,41,40,33,36,43,43,40,43,1
75,37,36,38,37,38,40,35,44,43,1
79,37,42,32,41,37,34,36,42,38,1
1243,912,58,98,266,223,80,58,92,90,2
1318,978,56,105,267,250,88,58,97,88,2
1286,934,68,102,249,246,78,62,84,88,2
1284,998,61,117,296,222,68,56,98,50,2
1315,909,56,112,273,225,81,63,87,78,2
1237,981,51,101,303,239,64,48,90,55,2
1243,999,70,140,283,97,62,70,84,78,2
1267,1034,189,190,275,105,42,96,188,68,2
1076,981,155,230,294,59,52,97,79,48,2
1416,1081,86,660,716,12,96,170,69,45,2
85,41,36,38,43,39,42,38,41,37,1
72,41,45,43,45,38,39,35,43,40,1
79,45,34,42,40,40,38,40,43,44,1
80,44,32,38,44,38,39,36,37,33,1
74,39,39,37,39,46,39,44,38,37,1
82,43,39,40,37,38,41,39,40,37,1
75,43,41,40,39,39,37,37,39,38,1
80,41,38,38,38,44,39,37,41,39,1
84,47,39,40,33,37,38,41,39,38,1
83,44,37,38,42,38,45,41,36,39,1
85,49,40,40,40,37,40,40,42,39,1
78,41,38,39,43,44,42,41,43,36,1
75,45,45,38,40,46,40,40,43,40,1
80,48,38,43,39,41,41,37,38,41,1
80,42,38,43,43,40,38,39,37,36,1
81,44,42,36,43,40,38,38,42,39,1
77,43,40,38,38,43,41,39,45,39,1
78,45,35,36,43,41,37,46,41,38,1
81,41,42,45,38,40,39,43,47,40,1
85,45,39,39,38,46,36,39,40,42,1
88,45,37,41,41,39,42,44,44,37,1
81,43,40,39,35,40,38,40,37,35,1
569,338,229,166,247,183,67,81,89,55,2
910,381,82,127,274,130,76,77,150,97,2
933,386,80,123,266,147,61,74,121,87,2
872,365,98,134,270,132,53,85,134,73,2
887,377,86,125,279,145,65,89,134,62,2
885,373,88,114,275,144,56,82,120,65,2
941,385,91,128,279,149,61,83,128,75,2
243,252,112,115,205,90,65,51,54,56,2
223,260,162,185,143,89,60,75,74,61,2
214,271,157,165,118,89,61,75,72,52,2
82,41,41,43,42,49,42,55,42,44,1
79,48,34,42,43,42,34,41,44,40,1
81,48,40,39,33,34,35,41,38,38,1
81,44,39,39,41,40,39,33,37,37,1
77,48,42,39,36,40,43,42,46,35,1
84,40,41,40,37,35,39,35,38,42,1
75,45,44,39,39,40,40,39,43,42,1
77,42,41,38,42,38,38,42,42,39,1
79,46,40,39,44,36,39,39,41,43,1
78,42,40,40,37,36,39,41,41,40,1
76,39,37,43,42,35,36,47,43,39,1
85,40,39,39,41,37,42,40,42,42,1
863,395,185,232,349,228,108,82,92,46,2
605,460,110,199,259,99,96,115,90,74,2
400,244,84,83,119,90,110,84,118,66,2
396,227,74,69,100,95,115,90,120,62,2
389,239,58,71,118,81,117,85,98,69,2
379,237,67,71,103,89,127,95,114,57,2
387,241,59,66,118,97,127,94,111,62,2
400,249,74,78,127,77,94,68,103,72,2
920,266,104,64,115,153,94,77,122,70,2
266,360,98,78,96,88,82,51,57,95,2
83,40,35,42,38,40,39,44,39,39,1
84,37,39,37,43,37,38,40,45,45,1
77,44,39,37,38,39,42,37,39,36,1
86,47,36,40,42,43,38,40,38,39,1
77,46,44,36,35,38,40,43,39,42,1
82,43,35,37,40,47,43,43,37,41,1
79,53,40,38,40,38,37,43,45,44,1
84,46,38,40,38,46,38,36,39,45,1
79,44,38,38,41,41,42,41,38,43,1
84,50,39,41,44,43,42,43,40,40,1
76,46,38,39,43,45,41,44,39,40,1
81,40,37,44,43,49,41,47,41,44,1
77,45,37,36,43,40,38,39,40,39,1
81,43,41,39,39,40,38,37,40,39,1
76,44,43,41,37,41,36,39,41,37,1
78,52,39,38,37,39,39,40,36,40,1
82,43,38,40,38,37,38,44,38,37,1
78,47,42,37,40,34,36,37,37,44,1
85,42,41,38,43,43,47,42,40,32,1
126,543,176,106,69,56,81,63,101,41,2
216,488,158,74,72,89,87,101,54,47,2
183,492,154,77,75,87,88,115,60,53,2
198,439,167,59,66,92,66,103,77,46,2
210,516,146,70,70,92,106,91,69,76,2
251,455,154,77,58,95,60,103,89,53,2
165,506,169,75,77,84,119,103,59,58,2
197,539,162,86,71,79,107,95,57,65,2
249,489,155,65,64,91,69,91,75,55,2
164,507,169,92,80,89,111,110,53,52,2
187,493,163,81,70,89,114,102,60,57,2
225,514,164,76,64,92,101,105,69,61,2
133,494,166,85,96,85,92,111,56,57,2
160,520,158,92,71,75,116,107,58,63,2
150,491,168,81,103,85,109,102,64,53,2
186,495,165,79,85,90,87,110,69,49,2
144,515,164,90,73,83,126,88,66,64,2
209,465,160,78,76,76,64,101,73,50,2
190,507,168,80,85,68,87,112,70,53,2
172,485,174,70,80,78,105,122,60,49,2
178,503,172,79,97,85,94,113,62,58,2
167,506,164,91,71,75,110,81,58,77,2
582,181,158,141,86,68,79,57,97,47,2
433,163,100,111,100,100,63,52,59,40,2
516,111,90,115,185,114,65,65,64,107,2
518,107,76,107,181,106,57,72,76,115,2
83,41,40,37,37,39,44,41,42,45,1
79,45,36,36,47,37,43,39,37,42,1
84,45,41,42,35,45,40,41,40,42,1
75,44,42,44,41,42,41,39,39,33,1
80,45,44,36,43,41,40,41,44,34,1
78,45,41,33,39,38,39,35,41,41,1
85,42,47,39,38,36,42,45,35,41,1
83,44,38,36,41,39,44,42,44,39,1
73,44,40,40,41,34,34,39,37,40,1
79,41,36,39,44,40,33,44,44,43,1
81,48,37,42,38,37,38,45,42,37,1
84,50,46,43,42,41,37,40,36,40,1
70,46,39,41,40,41,41,43,45,38,1
724,371,97,133,136,111,86,175,82,58,2
170,300,281,135,110,52,66,61,107,60,2
361,300,265,141,197,84,71,74,89,57,2
470,334,272,174,246,95,76,86,85,71,2
291,297,277,127,163,76,70,76,96,53,2
280,277,267,132,190,84,62,78,86,49,2
310,351,103,61,91,79,141,47,72,61,2
925,587,204,153,241,115,57,57,100,81,2
1287,945,148,238,205,188,77,39,43,73,2
84,48,36,34,46,37,42,38,39,34,1
83,42,39,42,38,39,40,39,36,38,1
77,42,41,43,35,36,39,42,41,39,1
76,47,41,41,43,39,36,37,40,38,1
80,31,43,40,35,34,40,43,37,41,1
79,42,39,38,42,34,40,39,38,40,1
78,40,46,42,40,41,40,37,38,42,1
86,50,42,41,39,39,43,37,38,39,1
79,41,40,40,46,36,37,40,38,43,1
73,43,34,40,38,34,38,38,41,41,1
83,41,38,35,41,40,41,39,40,46,1
86,42,37,38,37,36,40,41,36,41,1
77,49,48,38,44,35,42,41,40,37,1
81,46,40,44,36,44,45,38,38,43,1
1030,431,225,75,72,161,119,121,77,76,2
324,157,45,42,69,54,113,106,71,126,2
323,161,50,47,72,53,101,121,63,114,2
214,139,61,54,58,72,167,147,68,137,2
249,138,51,51,50,57,155,157,78,128,2
159,142,59,51,59,67,201,145,63,72,2
158,141,75,55,66,75,198,143,63,67,2
278,147,50,48,43,53,137,151,64,97,2
128,161,142,59,104,99,100,123,76,48,2
217,174,140,78,92,157,121,57,50,52,2
271,174,160,78,73,98,117,82,71,73,2
216,172,136,71,97,145,124,62,59,50,2
243,164,150,82,82,120,121,69,65,63,2
211,161,151,68,96,141,124,51,45,57,2
159,146,126,61,104,140,149,58,45,51,2
207,154,133,69,103,140,130,63,58,51,2
207,148,144,81,66,109,125,75,67,62,2
198,162,148,70,81,132,123,58,62,48,2
232,166,152,78,86,108,110,50,52,66,2
222,164,149,72,69,112,106,50,59,74,2
471,331,197,135,198,165,134,61,78,54,2
78,48,44,49,38,38,43,47,36,42,1
76,49,34,37,34,37,41,39,42,41,1
84,43,39,40,43,40,47,46,37,41,1
79,47,42,42,37,41,41,37,38,35,1
80,47,40,37,43,43,33,40,40,43,1
86,41,41,38,40,39,42,37,38,41,1
75,42,39,36,38,37,40,38,41,40,1
73,42,42,35,36,40,37,42,35,39,1
79,47,41,43,38,36,41,39,36,39,1
83,45,42,36,38,43,41,46,37,38,1
86,46,41,39,44,35,36,41,35,35,1
81,44,42,38,37,39,34,36,41,41,1
80,47,39,36,44,40,36,38,37,38,1
79,44,46,36,41,41,37,43,35,50,1
73,39,35,41,44,43,41,40,50,43,1
90,45,38,35,36,38,35,38,39,42,1
703,388,343,312,146,126,133,55,75,77,2
741,229,202,297,223,102,130,116,79,63,2
725,207,249,292,210,120,165,89,41,67,2
775,234,256,297,211,126,154,92,48,59,2
756,212,262,303,189,123,158,80,43,53,2
753,241,182,272,167,122,148,111,63,65,2
751,236,185,279,197,108,137,122,84,69,2
80,43,41,38,37,45,43,37,37,39,1
80,43,40,44,39,38,37,40,38,39,1
74,46,42,45,38,35,44,41,44,39,1
79,46,40,46,40,42,40,48,41,36,1
82,43,37,36,40,40,40,43,36,40,1
85,48,43,42,39,39,40,38,42,50,1
78,40,39,38,40,40,38,34,38,41,1
81,46,42,37,35,44,37,35,40,40,1
76,47,43,41,34,38,35,41,41,44,1
1270,450,53,96,135,133,93,62,47,48,2
1108,365,79,100,71,48,88,45,47,94,2
5,105,57,49,47,111,129,74,50,76,2
1203,484,289,142,145,80,82,61,78,60,2
76,50,43,36,37,40,40,40,38,35,1
87,44,39,38,44,41,39,37,38,40,1
79,48,37,37,42,36,42,41,41,40,1
88,43,40,43,42,39,37,42,38,43,1
67,47,36,32,42,36,38,37,43,34,1
80,43,37,46,42,43,38,40,37,38,1
81,37,36,37,39,40,38,38,45,37,1
79,47,46,37,40,35,42,43,44,39,1
75,38,40,38,43,41,39,40,38,31,1
1319,567,156,181,160,122,88,83,91,53,2
1247,520,183,142,121,116,76,83,96,51,2
1264,567,187,106,115,116,77,72,90,58,2
1287,542,195,103,119,121,79,67,91,53,2
1296,576,193,106,117,114,93,68,105,58,2
1332,543,198,86,109,92,74,68,101,55,2
1382,563,214,88,105,91,88,65,104,69,2
1351,594,205,98,92,105,88,80,107,73,2
1318,602,212,93,112,122,96,69,102,59,2
1361,554,188,96,115,97,87,71,102,60,2
75,41,41,44,33,35,38,32,36,38,1
78,48,42,34,45,41,48,36,36,37,1
76,37,44,39,41,46,41,40,41,41,1
79,41,36,43,45,38,48,38,40,43,1
80,50,39,38,41,42,35,35,38,39,1
83,47,40,40,42,42,39,44,36,38,1
78,43,38,48,39,39,41,42,43,41,1
83,44,44,39,42,45,37,41,39,36,1
82,41,39,40,43,35,40,36,41,42,1
72,43,38,40,39,38,44,39,40,41,1
75,42,41,33,41,36,39,35,36,37,1
1347,442,318,242,69,57,56,52,42,43,2
1346,430,345,149,66,125,115,101,85,65,2
1311,458,334,80,64,78,106,84,67,55,2
1393,423,307,78,64,79,109,76,77,50,2
1377,452,344,162,87,105,69,88,56,72,2
1357,418,324,114,70,122,111,91,90,47,2
1403,272,147,173,79,52,44,45,49,50,2
1227,294,212,222,51,53,107,56,59,46,2
278,1009,845,408,223,233,127,152,76,93,2
1233,423,277,199,107,106,158,159,109,78,2
86,39,42,41,40,34,40,34,41,40,1
70,53,43,41,46,44,40,40,40,42,1
84,44,42,42,44,39,43,43,39,41,1
77,44,45,38,37,41,43,37,38,36,1
84,44,39,41,39,39,35,37,40,33,1
81,48,34,46,39,43,38,41,43,39,1
83,42,40,37,39,38,40,46,38,40,1
81,42,39,41,38,40,37,34,40,37,1
83,42,37,43,42,40,41,41,41,44,1
83,41,41,37,39,39,42,37,36,40,1
83,41,37,42,39,42,37,36,37,33,1
83,48,44,42,36,41,33,40,32,36,1
1198,156,114,129,114,48,50,64,58,77,2
1209,167,148,143,125,46,56,63,58,87,2
1222,160,173,172,174,46,56,63,58,87,2
1235,171,170,284,259,52,54,61,53,50,2
1255,172,155,157,166,44,51,60,63,81,2
1176,168,211,397,142,74,100,88,70,52,2
1225,151,81,212,169,50,43,62,62,46,2
1203,171,110,301,227,57,41,77,94,51,2
1182,176,98,297,206,59,45,63,83,71,2
1269,393,262,235,221,60,48,52,58,45,2
76,41,37,39,45,35,43,40,50,48,1
76,42,35,42,37,42,41,42,37,44,1
70,47,47,40,32,43,40,41,37,37,1
73,44,38,41,37,36,37,39,39,37,1
71,49,47,34,40,38,40,39,40,43,1
79,45,37,33,42,37,43,35,41,35,1
88,39,38,42,38,40,41,44,36,40,1
81,42,43,37,41,43,38,38,37,32,1
72,48,40,37,41,44,40,38,33,38,1
77,44,37,39,40,38,39,40,41,44,1
1189,126,74,169,133,62,55,95,43,40,2
1415,286,207,252,162,49,61,59,93,60,2
1369,250,215,186,64,49,66,63,60,54,2
1342,269,253,305,165,44,69,60,75,76,2
1301,243,209,165,53,54,74,74,62,63,2
1357,264,248,278,207,112,53,84,78,76,2
1345,357,221,204,114,80,56,64,73,46,2
1283,314,175,105,66,64,52,79,69,54,2
1270,358,176,280,166,118,121,58,50,50,2
74,41,38,39,34,36,38,43,38,37,1
81,43,39,39,41,38,38,38,39,42,1
77,42,39,43,42,40,38,43,40,36,1
85,50,42,36,37,44,40,36,37,38,1
80,49,41,36,40,41,38,42,37,39,1
78,44,38,38,38,39,37,37,38,35,1
74,40,40,37,39,39,41,38,41,44,1
83,44,40,41,41,39,38,37,37,39,1
77,44,39,53,45,47,46,45,67,46,1
1421,443,406,177,107,116,90,45,79,77,2
1376,382,303,201,54,143,82,57,57,46,2
1396,320,326,152,126,56,89,104,48,44,2
1313,262,358,218,148,70,78,84,60,43,2
1361,306,188,155,153,85,81,84,59,44,2
1358,328,173,259,168,49,48,50,62,50,2
1450,330,181,208,189,54,75,42,45,60,2
1454,321,168,238,172,69,45,51,57,60,2
1417,347,155,245,125,78,93,58,51,55,2
1403,313,186,209,188,66,68,44,47,45,2
1393,355,171,220,169,70,45,61,63,50,2
1367,350,167,246,153,48,54,48,57,53,2
1341,280,108,186,92,87,86,76,50,48,2
1428,298,116,176,129,97,69,55,46,52,2
1340,324,266,209,122,76,70,70,66,57,2
83,39,42,39,39,43,41,43,38,35,1
83,37,40,40,38,43,38,44,33,38,1
75,45,34,36,41,38,41,36,40,38,1
78,43,35,41,36,38,40,44,44,38,1
78,44,40,37,39,38,36,40,43,40,1
81,45,39,38,41,41,35,39,40,44,1
78,40,36,44,41,43,43,41,41,37,1
82,42,41,41,38,39,39,37,43,40,1
78,44,40,36,39,41,38,40,41,40,1
85,45,38,40,35,36,40,36,43,36,1
82,45,43,38,39,46,38,41,40,39,1
1338,265,253,214,144,60,98,98,87,40,2
1382,264,171,307,120,86,109,48,41,49,2
1367,283,184,311,125,102,69,52,39,40,2
1328,298,174,319,119,95,105,48,41,36,2
1351,279,188,313,131,109,74,46,56,36,2
1308,256,182,245,117,49,131,116,77,47,2
1346,282,196,315,125,101,111,44,40,48,2
1346,290,169,334,95,85,76,42,45,52,2
1338,301,211,273,174,101,64,66,51,55,2
1398,412,220,226,88,169,132,76,47,39,2
1370,275,207,372,141,68,126,55,53,46,2
74,48,38,42,35,35,39,38,39,42,1
71,40,38,37,40,41,42,34,39,39,1
77,42,42,40,41,39,41,42,31,41,1
83,42,38,35,39,43,43,37,40,39,1
80,47,38,36,36,41,42,42,40,34,1
74,47,38,40,40,37,38,41,39,39,1
76,45,39,40,36,40,32,40,43,39,1
79,49,39,40,45,40,38,38,43,37,1
82,43,42,37,42,42,40,39,41,37,1
80,50,39,40,37,36,40,37,42,41,1
1366,278,190,293,105,63,76,43,39,59,2
1296,253,225,322,107,97,102,61,52,60,2
1364,327,101,225,150,96,79,55,52,56,2
1351,286,166,293,88,64,103,49,61,46,2
1486,429,393,402,102,74,79,71,44,47,2
523,949,428,398,335,203,86,66,55,49,2
79,43,39,41,36,40,43,38,45,44,1
80,45,37,39,37,39,40,35,36,37,1
80,43,43,43,40,40,40,43,44,38,1
78,44,39,41,37,42,35,42,39,34,1
89,49,41,37,39,40,37,43,36,43,1
80,46,43,38,36,36,37,37,45,45,1
73,42,43,37,38,38,42,39,37,40,1
86,41,44,38,38,42,42,42,40,38,1
78,42,41,36,39,39,40,36,43,40,1
77,51,37,39,40,40,41,40,38,37,1
79,45,36,43,35,39,38,36,38,33,1
82,47,38,36,39,40,40,40,37,40,1
347,238,205,280,265,312,197,123,97,71,2
334,232,181,329,293,314,150,124,110,60,2
319,242,180,314,294,305,173,117,102,75,2
367,238,186,307,297,315,180,130,102,70,2
342,227,202,270,274,299,177,125,101,70,2
343,219,211,285,267,308,180,124,103,69,2
335,228,198,293,283,299,175,126,110,71,2
341,211,195,280,278,309,172,135,112,82,2
354,234,195,315,299,316,189,135,117,66,2
346,249,215,261,257,295,164,99,86,71,2
360,269,176,320,310,282,134,130,119,75,2
355,204,217,256,248,318,212,141,89,75,2
354,245,184,276,268,292,173,110,104,76,2
365,247,194,312,301,289,164,138,110,61,2
343,273,182,296,300,278,127,99,111,67,2
75,41,39,38,36,39,38,36,40,40,1
83,36,42,39,43,37,38,32,41,39,1
83,40,37,39,40,35,36,39,43,41,1
78,47,37,36,40,37,40,42,33,40,1
79,42,39,34,37,41,40,37,44,41,1
77,41,45,38,40,43,41,47,35,38,1
71,47,42,42,44,37,41,37,39,41,1
76,48,40,38,48,38,40,38,42,38,1
74,43,33,37,39,42,40,45,42,39,1
69,47,39,38,36,42,40,42,39,43,1
616,380,288,169,281,157,94,88,49,43,2
393,503,120,62,120,80,49,63,90,55,2
390,508,121,64,89,115,69,61,49,77,2
369,518,127,70,92,104,60,63,58,76,2
389,479,106,62,88,123,80,55,46,76,2
358,378,126,116,170,150,72,124,95,48,2
503,437,166,60,168,114,93,49,70,51,2
461,397,151,68,181,120,85,46,71,49,2
607,511,126,85,184,118,49,63,109,113,2
68,43,38,41,41,37,40,38,43,41,1
88,39,40,40,38,37,44,41,41,44,1
69,44,35,44,43,38,42,34,36,36,1
87,49,38,33,36,38,40,36,34,38,1
76,48,37,45,39,38,38,36,38,38,1
78,48,37,38,42,38,35,39,40,39,1
443,280,182,83,72,112,102,89,62,41,2
459,305,159,94,75,90,112,92,55,42,2
470,303,164,92,79,111,95,49,58,64,2
446,284,171,83,70,85,115,86,43,46,2
693,399,132,65,161,111,74,54,44,54,2
592,370,71,150,178,82,126,69,94,50,2
333,410,202,130,169,229,86,84,67,47,2
75,45,49,40,42,47,48,44,58,49,1
79,42,40,34,41,39,41,43,35,39,1
74,45,38,38,41,41,40,37,36,41,1
77,45,41,42,35,40,35,44,30,43,1
78,42,46,41,39,43,38,37,45,38,1
78,42,46,41,39,43,38,37,45,38,1
74,40,42,40,42,37,40,40,40,43,1
82,45,39,37,41,34,42,39,47,45,1
81,45,42,44,38,42,40,40,36,44,1
79,36,37,35,44,34,39,33,40,38,1
75,42,41,37,33,38,37,38,40,40,1
75,37,41,39,32,40,41,37,40,44,1
77,44,41,38,39,34,44,32,41,44,1
76,41,42,42,47,35,38,34,39,40,1
77,42,37,36,45,43,42,37,36,38,1
69,47,42,37,39,38,34,36,38,43,1
78,36,45,43,40,40,39,40,35,39,1
82,46,36,35,41,37,40,45,41,38,1
72,41,41,38,35,37,38,38,37,35,1
80,44,39,41,38,39,32,37,40,39,1
78,43,39,44,42,46,35,37,42,37,1
84,48,36,37,38,42,42,40,43,46,1
76,47,40,39,39,44,37,40,37,39,1
71,43,37,40,37,35,41,45,45,37,1
83,43,42,46,36,36,41,42,31,39,1
77,45,37,43,37,40,42,38,38,36,1
78,40,38,42,40,36,34,39,38,38,1
81,42,42,38,38,40,38,35,40,42,1
74,40,39,44,50,37,41,36,43,40,1
85,41,37,37,40,40,34,41,41,37,1
84,45,41,42,37,38,39,40,41,36,1
76,42,36,45,38,38,41,45,37,37,1
83,39,41,40,49,40,40,40,36,38,1
76,51,40,36,43,39,42,41,35,41,1
78,44,38,38,40,34,38,38,37,35,1
77,42,40,42,43,40,41,42,41,43,1
78,42,41,42,41,42,41,40,37,39,1
77,51,43,38,39,37,35,39,41,40,1
75,45,42,38,44,34,42,37,36,40,1
78,43,39,38,42,40,41,40,36,38,1
78,42,43,34,38,38,41,42,37,40,1
204,243,276,110,213,297,66,83,65,161,2
1032,501,178,93,83,51,52,86,81,65,2
780,351,152,60,85,59,66,61,51,65,2
711,307,109,59,89,77,82,66,53,80,2
752,368,170,68,97,45,72,59,84,45,2
716,356,130,59,90,53,68,63,66,57,2
754,333,151,66,100,61,68,63,53,75,2
725,383,162,65,93,55,71,50,85,44,2
765,352,145,68,98,51,64,66,52,70,2
356,274,141,83,100,58,97,69,61,58,2
1125,295,224,109,127,135,223,128,181,88,2
75,42,42,38,40,46,39,36,46,38,1
80,43,40,38,35,42,39,33,36,41,1
84,46,40,40,36,40,41,33,43,39,1
88,40,49,44,39,41,38,37,39,42,1
75,50,44,42,44,39,41,42,38,35,1
76,42,44,43,37,46,44,32,41,39,1
71,38,38,45,40,38,37,41,42,42,1
74,46,43,39,44,39,41,35,36,42,1
78,42,39,42,44,39,40,35,41,35,1
76,50,44,40,41,33,35,37,38,39,1
1212,509,54,264,308,240,102,71,87,89,2
1188,485,56,290,303,236,116,71,80,88,2
1144,432,60,288,313,265,114,122,88,71,2
1226,498,56,249,285,236,94,66,90,101,2
1146,445,62,272,303,289,99,118,82,71,2
1204,487,51,240,304,281,130,107,70,83,2
1183,482,69,259,298,279,113,82,76,73,2
1155,504,114,170,130,271,126,47,65,60,2
1033,362,103,158,138,251,154,157,121,162,2
83,45,44,40,36,41,37,48,35,37,1
71,42,37,47,39,39,41,45,39,40,1
77,46,36,39,34,42,38,43,41,43,1
76,45,43,34,38,38,35,38,39,41,1
82,43,39,42,38,42,41,34,39,38,1
77,36,42,41,34,41,34,39,39,44,1
76,49,40,47,49,45,41,35,41,40,1
76,42,44,43,41,36,39,42,35,39,1
72,48,39,31,36,45,39,42,41,40,1
72,48,39,31,36,45,39,42,41,40,1
303,489,325,537,566,144,177,139,99,133,2
299,478,322,540,478,180,151,187,138,132,2
285,490,339,581,498,171,156,180,156,122,2
284,492,346,562,520,170,156,180,164,126,2
285,509,365,561,504,170,145,202,159,133,2
286,496,354,558,504,168,149,202,171,124,2
293,458,368,544,503,166,156,201,150,133,2
285,504,344,534,502,169,153,200,164,134,2
278,481,333,551,480,175,155,206,170,130,2
280,484,352,533,505,175,147,204,159,137,2
274,492,348,537,501,179,153,194,170,143,2
281,490,350,554,529,172,151,188,176,144,2
278,527,361,536,505,178,154,193,184,142,2
291,512,343,517,492,181,144,202,173,162,2
282,504,353,538,490,179,142,202,173,157,2
279,502,347,523,487,181,139,199,178,158,2
287,486,342,534,492,177,141,190,180,171,2
289,488,348,541,479,190,138,205,166,164,2
277,484,332,529,449,190,141,196,174,163,2
301,501,326,540,463,185,149,192,167,165,2
270,517,354,542,483,187,135,206,176,155,2
292,488,349,509,478,182,138,193,179,165,2
276,479,326,518,179,188,131,193,178,171,2
278,496,335,536,463,190,125,201,174,173,2
297,521,335,525,454,186,131,194,181,165,2
277,481,350,540,461,196,131,194,183,173,2
279,495,353,505,440,192,118,199,183,176,2
289,490,321,532,442,190,122,192,184,171,2
274,489,349,530,448,189,129,195,193,169,2
283,496,317,530,469,200,124,204,187,186,2
277,497,321,509,463,203,125,198,179,177,2
288,485,338,506,477,192,127,195,182,172,2
272,507,341,515,474,199,121,198,178,179,2
274,486,335,511,443,192,126,197,175,176,2
277,473,324,523,458,192,125,198,178,171,2
276,486,320,524,459,182,128,207,176,179,2
281,509,344,521,456,193,113,198,177,180,2
267,490,314,526,435,194,134,213,193,201,2
268,483,339,535,463,195,117,214,180,187,2
280,476,339,502,462,181,132,212,183,187,2
271,501,350,495,456,193,118,211,185,199,2
284,496,328,504,460,178,127,219,184,187,2
288,496,324,522,472,187,118,198,184,196,2
271,472,352,524,479,191,121,212,193,191,2
278,496,322,514,444,181,114,213,169,193,2
273,492,349,519,491,189,128,218,183,187,2
281,463,352,512,451,182,128,218,172,191,2
270,489,327,525,480,190,120,212,172,188,2
271,484,336,508,455,181,130,208,178,194,2
259,481,338,513,467,189,130,209,176,183,2
270,475,337,522,454,179,126,231,169,182,2
272,447,347,500,494,195,130,217,169,188,2
277,473,344,511,481,186,128,223,174,194,2
265,488,326,499,468,189,139,211,172,191,2
272,494,337,506,480,187,138,194,173,180,2
264,469,352,497,464,185,143,212,174,175,2
267,453,339,516,462,184,143,219,165,178,2
262,458,330,503,469,188,140,228,177,176,2
290,468,326,521,446,195,142,220,167,166,2
263,475,337,508,475,188,161,222,168,172,2
272,486,338,510,445,192,148,222,171,172,2
263,474,328,506,476,194,145,218,168,171,2
253,455,336,511,463,201,147,218,162,170,2
262,486,340,507,477,198,151,210,167,172,2
268,474,327,514,457,189,142,225,158,167,2
268,478,319,518,449,197,143,211,168,169,2
258,492,339,514,448,202,142,203,163,170,2
271,494,334,496,468,191,140,210,163,168,2
227,506,328,481,449,191,138,201,162,177,2
74,46,38,39,42,42,36,43,38,40,3
74,46,39,37,39,35,38,36,36,41,3
70,50,39,38,50,47,36,38,38,44,3
80,36,40,37,35,46,42,40,34,38,3
69,41,45,39,39,38,40,41,35,42,3
75,44,38,40,39,41,40,40,39,38,3
79,39,41,40,38,38,37,41,39,40,3
84,45,39,41,39,39,38,43,46,35,3
144,47,45,41,34,37,36,39,39,39,3
173,60,40,40,37,42,35,43,42,37,3
177,65,37,39,34,36,41,46,37,38,3
169,67,38,40,44,39,38,44,39,37,3
166,67,42,37,41,45,43,43,38,36,3
179,65,42,43,43,35,49,33,36,39,3
182,61,42,40,36,41,41,36,34,38,3
171,60,41,40,42,42,37,35,42,44,3
175,62,43,38,33,40,36,39,37,39,3
176,62,43,43,41,36,40,43,40,38,3
177,62,41,40,37,39,36,39,37,44,3
145,44,46,45,36,39,39,39,35,38,3
126,48,35,36,36,46,39,45,38,37,3
125,63,42,36,39,46,44,41,39,35,3
130,60,48,38,41,33,42,44,33,36,3
119,55,40,33,43,39,35,36,38,38,3
183,63,74,51,43,43,40,35,35,39,4
184,63,61,41,44,47,40,42,40,42,4
189,51,67,49,42,46,46,44,41,38,4
191,53,65,50,43,49,42,45,33,40,4
180,62,70,51,40,47,45,39,38,41,4
196,46,61,58,42,47,41,44,42,39,4
176,54,72,53,39,49,42,39,44,42,4
181,55,72,54,50,41,45,39,37,35,4
169,58,67,51,42,45,37,39,38,35,4
182,51,65,57,43,43,42,43,43,42,4
182,50,68,51,39,43,46,35,38,38,4
175,44,69,51,47,45,40,37,36,44,4
187,46,65,58,37,40,41,49,38,46,4
198,54,72,58,43,51,42,40,34,39,4
174,59,64,52,40,38,40,35,47,37,4
188,55,69,51,41,39,41,36,46,42,4
176,52,74,52,39,40,39,44,42,37,4
180,60,62,47,39,43,37,36,39,38,4
119,60,45,39,40,38,38,39,36,34,3
122,52,42,41,39,42,43,35,34,39,3
116,57,46,45,35,41,35,37,38,41,3
119,59,46,40,34,42,36,48,40,40,3
123,60,39,43,38,39,37,40,37,36,3
118,58,38,40,33,41,38,43,35,33,3
120,69,43,44,42,38,38,46,39,40,3
127,61,41,39,32,38,35,38,39,40,3
120,50,42,40,34,38,35,37,32,44,3
129,65,38,34,40,39,41,44,41,37,3
113,57,42,47,34,45,38,41,38,36,3
118,49,41,42,38,36,35,37,39,40,3
120,52,39,32,39,38,39,37,40,37,3
128,61,38,40,37,40,35,39,36,36,3
118,56,46,41,41,43,39,36,39,42,3
114,63,43,41,34,40,36,41,35,37,3
114,56,44,44,49,39,43,38,39,34,3
123,63,42,39,33,44,36,42,39,40,3
117,60,44,40,43,39,38,36,36,38,3
109,59,49,40,39,33,38,40,39,39,3
114,56,40,46,37,42,37,40,39,39,3
115,60,47,37,31,44,40,35,42,39,3
238,105,58,46,51,45,41,37,39,41,4
296,112,51,45,37,41,37,35,40,34,4
215,97,50,52,42,37,36,39,33,39,4
343,133,52,43,35,42,41,36,39,44,4
248,112,51,42,40,42,40,43,35,40,4
338,131,48,45,41,48,39,41,37,37,4
273,114,46,46,42,38,39,46,37,39,4
240,107,48,51,51,45,41,41,38,41,4
336,120,50,48,43,45,37,37,36,35,4
319,127,49,44,43,40,37,42,40,37,4
229,101,55,51,32,41,40,37,40,37,4
282,95,66,39,40,37,36,38,40,36,4
221,86,56,46,37,43,39,48,40,39,4
206,88,53,41,41,37,44,38,42,41,4
195,76,52,38,41,40,41,47,43,41,4
185,67,56,38,44,35,41,44,37,39,4
189,77,54,38,46,37,43,42,39,33,4
182,67,59,34,40,41,36,39,40,41,4
198,67,51,43,39,41,42,46,41,38,4
191,75,63,39,41,37,38,47,46,48,4
198,56,63,43,42,43,36,48,38,38,4
190,63,50,41,44,40,43,42,31,38,4
183,62,54,38,40,40,38,48,38,40,4
186,76,54,40,40,35,41,42,44,41,4
200,55,54,40,38,40,37,38,39,40,4
190,63,50,42,44,43,37,40,39,36,4
192,66,60,36,37,38,37,35,42,37,4
202,59,60,35,41,40,39,41,39,39,4
210,63,62,44,40,41,38,37,38,38,4
196,64,58,39,46,40,36,40,40,44,4
194,70,48,44,44,36,40,38,37,36,4
210,63,59,38,43,42,35,37,36,38,4
183,66,59,42,44,45,45,35,41,43,4
191,61,54,36,42,47,42,38,37,40,4
204,63,61,45,45,41,39,41,41,45,4
206,69,64,42,38,40,42,42,35,42,4
200,68,54,42,43,44,45,36,39,42,4
205,71,57,44,46,45,40,42,38,44,4
203,92,59,40,43,38,47,44,45,33,4
197,71,52,36,37,40,41,40,42,38,4
128,47,44,41,39,37,38,44,36,43,3
123,59,38,42,39,41,41,38,36,42,3
122,57,38,43,37,38,39,38,46,41,3
121,63,43,42,36,40,36,40,40,39,3
110,60,41,37,35,40,38,42,41,39,3
130,54,40,39,38,41,39,35,42,41,3
122,61,47,33,34,46,37,37,39,38,3
120,57,46,42,38,38,40,38,45,38,3
112,56,44,42,43,42,35,39,40,46,3
117,54,44,43,42,32,40,37,42,37,3
123,58,41,39,36,38,36,37,39,37,3
128,63,48,37,41,40,42,38,37,37,3
130,63,43,41,41,40,37,39,42,40,3
134,58,35,48,39,41,36,37,40,38,3
130,55,37,44,37,36,38,37,39,40,3
124,51,44,40,39,39,34,43,45,40,3
216,95,68,50,41,42,38,41,46,35,4
208,87,67,47,46,42,41,43,41,41,4
204,89,63,51,40,35,44,40,38,40,4
193,69,65,56,42,40,42,36,39,39,4
196,84,67,46,43,40,35,34,34,36,4
204,80,64,54,39,34,42,46,48,37,4
199,88,68,51,43,44,38,39,39,39,4
198,79,68,51,45,39,40,36,34,36,4
182,88,71,51,39,40,44,36,43,36,4
206,84,72,49,39,38,38,41,34,38,4
199,72,75,46,46,41,36,32,35,41,4
359,113,52,42,39,44,40,37,42,40,4
124,60,41,44,42,40,37,40,35,42,3
131,60,44,37,38,42,37,42,43,38,3
124,59,45,42,40,39,39,36,38,40,3
122,61,47,35,42,40,41,38,41,40,3
125,52,39,41,43,38,45,37,42,39,3
114,60,44,34,40,37,39,41,44,41,3
121,55,42,36,34,38,36,39,39,43,3
125,55,44,37,37,37,36,34,37,42,3
117,59,36,33,40,36,39,42,35,45,3
122,55,42,44,33,40,42,35,37,35,3
123,58,44,40,48,35,38,40,42,38,3
124,52,41,35,38,38,49,32,36,45,3
119,59,44,38,41,38,34,38,42,34,3
116,58,42,49,39,40,37,40,34,34,3
121,52,43,35,42,35,45,38,38,42,3
244,94,65,49,35,40,33,38,35,43,4
170,75,52,42,38,36,37,39,38,42,4
172,72,52,45,38,41,37,39,41,39,4
168,78,56,44,41,41,42,36,36,42,4
216,94,55,41,38,39,49,41,42,41,4
239,102,52,45,39,42,38,37,43,40,4
275,112,42,40,42,39,38,41,39,35,4
282,95,49,35,36,36,43,44,39,41,4
279,92,42,37,42,38,38,46,39,35,4
253,93,58,36,40,44,36,46,40,38,4
199,74,56,46,38,38,36,41,38,40,4
182,81,56,44,43,47,42,44,37,39,4
176,87,57,45,43,44,37,39,39,42,4
180,71,59,48,41,36,43,36,38,43,4
246,93,50,37,39,33,40,43,39,42,4
209,86,57,47,35,42,42,39,42,37,4
188,85,53,46,40,37,40,46,49,39,4
223,86,53,41,42,39,39,37,35,41,4
253,92,47,41,41,43,37,40,45,40,4
245,87,54,42,45,37,47,43,44,41,4
261,90,59,50,40,39,40,37,40,38,4
306,101,50,46,41,37,39,43,40,37,4
163,54,54,39,35,41,42,44,39,42,3
161,57,55,43,42,39,39,40,45,35,3
152,63,50,42,38,40,38,45,43,38,3
259,62,42,46,40,35,40,44,42,41,3
125,65,63,49,41,50,39,42,42,38,3
123,133,148,48,45,48,38,38,39,37,3
127,58,43,37,46,38,38,46,41,44,3
116,53,43,36,33,39,40,34,44,37,3
114,60,41,38,42,43,44,40,43,38,3
125,55,44,39,44,44,40,37,40,42,3
114,60,43,43,37,40,45,40,37,37,3
119,60,40,39,40,37,39,32,42,39,3
129,54,45,41,39,40,34,39,42,41,3
221,94,72,51,44,40,42,39,40,48,4
255,101,65,44,43,45,35,43,47,38,4
216,80,70,47,37,47,39,49,40,40,4
198,78,59,48,41,40,36,44,42,35,4
197,91,68,52,44,40,42,39,41,41,4
226,95,64,48,48,39,37,40,38,41,4
225,95,67,49,46,42,40,42,38,39,4
225,107,80,50,44,55,34,38,44,47,4
115,51,45,34,41,34,38,42,39,39,3
118,52,44,35,38,36,35,39,42,41,3
113,51,45,40,34,38,38,42,46,42,3
122,53,46,45,42,36,39,40,38,42,3
128,56,46,39,40,41,41,42,40,38,3
134,61,39,39,39,35,45,36,36,36,3
126,56,41,37,35,43,39,43,38,39,3
119,57,41,36,33,37,35,37,37,41,3
129,53,36,39,39,38,39,38,43,36,3
128,50,41,40,35,43,37,41,39,37,3
128,50,41,40,35,43,37,41,39,37,3
115,55,91,75,95,42,47,42,40,40,4
114,57,91,58,101,47,52,45,40,39,4
133,58,63,80,99,45,47,45,47,42,4
132,61,86,77,90,46,40,42,45,43,4
124,53,74,65,98,47,39,48,42,43,4
122,61,98,60,95,39,54,47,40,41,4
126,51,63,84,98,46,41,49,50,36,4
134,65,59,83,93,38,41,48,44,42,4
114,65,94,66,99,55,47,45,45,34,4
142,67,63,73,100,44,36,42,48,42,4
123,64,90,63,94,44,50,46,42,38,4
119,63,83,59,94,47,45,46,45,42,4
122,72,110,111,90,54,49,40,45,38,4
118,62,40,40,42,41,34,38,42,35,3
116,60,40,41,35,46,40,34,39,38,3
121,55,43,45,44,44,34,40,37,37,3
123,58,43,45,36,44,39,36,44,38,3
132,51,39,36,41,42,36,32,34,36,3
129,55,33,41,39,36,37,38,36,38,3
116,52,42,42,45,38,38,40,40,39,3
119,56,42,37,33,37,35,40,43,37,3
134,87,64,47,39,42,42,43,41,41,4
197,84,46,41,44,49,41,40,43,40,4
351,108,68,49,43,44,44,36,41,40,4
380,91,54,53,44,35,40,47,34,41,4
274,97,65,43,45,42,32,40,41,42,4
199,57,59,57,42,48,41,42,41,37,4
201,78,53,42,43,42,38,40,36,34,4
113,58,45,42,38,39,43,38,36,45,3
116,57,39,40,43,40,37,38,41,40,3
116,48,37,34,43,40,41,37,40,35,3
116,58,47,41,33,43,37,34,37,40,3
126,46,40,38,50,40,40,38,37,36,3
124,58,42,41,41,38,33,44,37,40,3
127,59,37,45,36,38,43,37,45,42,3
122,58,41,48,34,40,43,43,38,41,3
126,62,42,41,40,41,37,37,39,35,3
126,60,39,41,37,39,34,40,39,35,3
118,57,42,35,37,37,35,42,41,40,3
120,66,35,36,36,41,43,35,40,35,3
125,48,42,42,38,42,33,42,40,39,3
121,55,43,43,39,38,39,41,35,41,3
124,50,39,38,39,44,34,42,38,40,3
119,55,42,41,38,39,38,39,40,39,3
126,55,34,39,38,41,39,42,40,33,3
117,62,38,39,39,43,38,43,39,35,3
115,63,39,41,39,38,38,34,34,38,3
129,53,43,41,44,38,41,39,39,43,3
372,84,64,42,47,38,46,44,42,39,4
362,87,60,43,44,38,43,37,39,38,4
383,89,59,41,44,40,35,42,43,44,4
378,99,72,43,53,41,44,42,37,37,4
374,85,65,43,49,32,38,41,41,36,4
370,82,62,40,35,39,39,42,43,40,4
351,90,60,44,43,43,46,41,45,38,4
172,42,42,37,39,43,40,36,33,41,4
238,44,46,44,36,41,44,43,43,44,4
238,42,44,39,41,36,39,35,36,42,4
227,48,46,45,35,44,44,42,45,45,4
350,77,54,42,39,39,38,37,39,44,4
359,73,62,54,34,41,40,41,42,47,4
349,75,49,37,53,41,40,39,45,40,4
138,156,71,65,49,47,43,41,39,38,4
120,48,42,41,39,42,42,41,40,46,3
117,55,41,40,42,40,39,44,43,40,3
121,60,40,42,36,39,38,48,42,36,3
128,58,42,41,36,40,41,43,38,38,3
116,51,44,44,41,39,38,41,39,35,3
124,59,43,39,30,49,40,36,39,41,3
123,61,35,36,36,37,34,39,38,37,3
132,57,44,40,39,39,37,37,37,41,3
120,52,35,35,39,44,42,37,35,36,3
124,54,44,43,42,39,32,37,37,37,3
127,60,45,40,39,35,40,40,37,36,3
118,49,39,36,44,33,36,37,39,38,3
192,151,53,49,57,50,57,43,38,37,4
155,144,64,59,49,40,48,44,38,46,4
190,163,56,55,50,41,54,45,43,40,4
143,118,45,56,73,56,41,39,38,45,4
161,182,84,160,82,50,45,44,39,39,4
98,46,38,42,48,46,46,45,45,34,4
126,59,45,38,38,37,41,39,38,43,3
119,55,41,37,39,37,36,39,39,35,3
126,58,44,35,38,38,34,40,41,36,3
121,53,39,38,37,43,39,45,36,40,3
126,57,36,41,38,38,40,39,38,43,3
127,53,40,36,38,39,43,43,41,42,3
127,54,48,42,40,43,39,38,33,40,3
132,58,41,44,36,42,37,35,43,37,3
115,61,35,37,39,38,39,41,38,36,3
120,58,42,42,46,37,41,36,42,47,3
93,52,54,63,101,63,40,47,51,42,4
91,51,47,81,79,55,41,44,49,41,4
101,54,48,86,88,52,39,54,49,40,4
102,50,52,73,94,51,50,55,42,43,4
105,48,65,81,82,62,56,46,45,40,4
108,52,59,101,87,52,59,53,39,40,4
103,46,59,91,96,66,49,52,51,40,4
103,48,63,73,80,61,50,53,54,43,4
112,42,64,81,70,52,48,50,57,45,4
114,44,64,83,62,52,50,53,52,44,4
113,45,56,77,69,42,46,50,47,48,4
123,40,59,73,54,49,48,51,54,39,4
112,40,51,82,55,44,46,39,59,44,4
107,53,52,82,45,47,48,53,50,42,4
117,44,49,81,42,43,50,48,51,41,4
143,89,51,103,51,58,47,61,39,54,4
125,76,62,139,80,52,54,44,54,48,4
137,76,62,142,84,55,45,60,64,41,4
131,88,55,140,88,59,51,49,59,46,4
134,71,60,142,93,50,44,42,61,49,4
71,47,43,37,41,39,39,46,41,43,3
65,40,37,41,39,42,42,44,39,36,3
72,46,42,44,38,42,42,44,39,36,3
66,47,40,37,38,36,44,39,38,38,3
67,41,38,39,45,45,45,41,39,42,3
69,40,41,42,39,39,43,40,39,43,3
59,42,43,37,39,38,42,47,41,37,3
68,42,42,39,34,39,45,39,40,42,3
62,50,38,38,34,45,39,37,38,42,3
64,48,41,39,38,36,35,39,40,39,3
69,44,41,39,36,36,40,40,38,37,3
66,45,38,41,37,44,38,41,37,35,3
71,45,47,39,43,36,35,38,36,41,3
70,40,38,39,38,35,33,41,41,36,3
71,44,39,39,40,38,40,39,38,37,3
67,51,43,44,35,40,35,44,38,38,3
64,46,45,38,43,39,40,37,38,38,3
64,42,39,38,42,44,34,34,39,32,3
64,43,37,36,42,38,39,35,39,34,3
66,39,37,45,44,37,35,39,37,43,3
67,40,41,37,40,38,45,47,40,38,3
61,43,39,42,42,41,45,38,35,38,3
258,108,66,48,40,47,41,36,41,40,4
251,112,64,42,40,43,39,37,39,40,4
257,104,63,55,42,45,42,38,41,40,4
241,105,63,48,41,44,47,35,43,38,4
241,101,71,57,36,43,33,41,42,40,4
209,76,55,54,45,42,43,45,50,36,4
197,87,54,47,43,39,40,47,46,37,4
205,87,48,54,44,42,43,42,44,40,4
194,76,56,62,40,47,49,40,39,42,4
191,82,52,59,40,43,47,40,42,38,4
194,76,56,71,40,39,44,45,39,49,4
206,75,64,69,38,41,41,45,40,42,4
203,82,47,57,43,37,50,47,43,35,4
205,82,60,56,41,38,48,39,45,41,4
184,77,52,58,37,44,46,41,42,44,4
186,79,54,53,39,49,48,43,38,43,4
186,73,52,54,38,45,43,45,44,38,4
196,78,54,59,40,47,43,40,38,41,4
197,78,56,63,39,42,45,38,44,40,4
207,84,53,43,49,42,40,47,38,44,4
62,45,37,46,33,35,37,37,42,40,3
71,44,36,43,37,45,43,39,37,38,3
74,49,38,38,40,40,37,42,41,44,3
68,41,44,44,43,42,37,40,38,35,3
68,43,39,38,38,40,37,37,43,41,3
75,48,37,39,36,41,41,38,40,36,3
63,42,41,36,37,35,42,44,43,39,3
72,46,39,42,39,47,41,38,38,32,3
68,44,35,43,39,33,41,36,33,40,3
70,59,42,45,70,60,47,42,42,39,4
216,88,51,38,37,36,42,37,36,43,4
146,73,44,40,41,46,41,42,34,43,4
226,89,75,41,49,45,45,41,46,39,4
125,63,51,42,40,45,46,43,41,38,4
153,67,57,45,47,44,45,39,43,39,4
152,68,49,41,43,43,43,40,38,42,4
123,65,55,47,49,34,44,43,35,37,4
127,62,47,47,46,48,50,36,43,45,4
153,67,46,47,46,43,46,43,44,36,4
120,64,51,48,46,41,41,37,40,38,4
142,69,53,48,51,43,41,42,46,43,4
147,68,53,48,51,44,48,34,43,43,4
